Using pre-set license
Built from '2020.3/staging' branch; Version is '2020.3.0f1 (c7b5465681fb) revision 13088070'; Using compiler version '192528614'; Build Type 'Release'
OS: 'Windows 10 Home Single Language; OS build 18363.1440; Version 1909; 64bit' Language: 'pt' Physical Memory: 10178 MB
BatchMode: 1, IsHumanControllingUs: 0, StartBugReporterOnCrash: 0, Is64bit: 1, IsPro: 0

 COMMAND LINE ARGUMENTS:
C:\Program Files\Unity\Hub\Editor\2020.3.0f1\Editor\Unity.exe
-adb2
-batchMode
-noUpm
-name
AssetImportWorker0
-projectPath
C:/Users/baldu/UnityExercises/New Unity Project
-logFile
Logs/AssetImportWorker0.log
-srvPort
56025
Successfully changed project path to: C:/Users/baldu/UnityExercises/New Unity Project
C:/Users/baldu/UnityExercises/New Unity Project
Using Asset Import Pipeline V2.
Refreshing native plugins compatible for Editor in 74.05 ms, found 0 plugins.
Preloading 0 native plugins for Editor in 0.00 ms.
Initialize engine version: 2020.3.0f1 (c7b5465681fb)
[Subsystems] Discovering subsystems at path C:/Program Files/Unity/Hub/Editor/2020.3.0f1/Editor/Data/Resources/UnitySubsystems
[Subsystems] Discovering subsystems at path C:/Users/baldu/UnityExercises/New Unity Project/Assets
GfxDevice: creating device client; threaded=0
Direct3D:
    Version:  Direct3D 11.0 [level 11.1]
    Renderer: AMD Radeon(TM) Vega 8 Graphics (ID=0x15d8)
    Vendor:   
    VRAM:     5089 MB
    Driver:   26.20.11028.1002
Initialize mono
Mono path[0] = 'C:/Program Files/Unity/Hub/Editor/2020.3.0f1/Editor/Data/Managed'
Mono path[1] = 'C:/Program Files/Unity/Hub/Editor/2020.3.0f1/Editor/Data/MonoBleedingEdge/lib/mono/unityjit'
Mono config path = 'C:/Program Files/Unity/Hub/Editor/2020.3.0f1/Editor/Data/MonoBleedingEdge/etc'
Using monoOptions --debugger-agent=transport=dt_socket,embedding=1,server=y,suspend=n,address=127.0.0.1:56496
Begin MonoManager ReloadAssembly
Registering precompiled unity dll's ...
Register platform support module: C:/Program Files/Unity/Hub/Editor/2020.3.0f1/Editor/Data/PlaybackEngines/WebGLSupport/UnityEditor.WebGL.Extensions.dll
Register platform support module: C:/Program Files/Unity/Hub/Editor/2020.3.0f1/Editor/Data/PlaybackEngines/WindowsStandaloneSupport/UnityEditor.WindowsStandalone.Extensions.dll
Registered in 0.008365 seconds.
Native extension for WindowsStandalone target not found
Native extension for WebGL target not found
Refreshing native plugins compatible for Editor in 56.61 ms, found 0 plugins.
Preloading 0 native plugins for Editor in 0.00 ms.
Invoked RoslynAnalysisRunner static constructor.
RoslynAnalysisRunner will not be running.
RoslynAnalysisRunner has terminated.
Mono: successfully reloaded assembly
- Completed reload, in  2.914 seconds
Platform modules already initialized, skipping
Registering precompiled user dll's ...
Registered in 0.001170 seconds.
Begin MonoManager ReloadAssembly
Native extension for WindowsStandalone target not found
Native extension for WebGL target not found
Refreshing native plugins compatible for Editor in 0.37 ms, found 0 plugins.
Preloading 0 native plugins for Editor in 0.00 ms.
Invoked RoslynAnalysisRunner static constructor.
RoslynAnalysisRunner will not be running.
RoslynAnalysisRunner has terminated.
Mono: successfully reloaded assembly
- Completed reload, in  1.168 seconds
Platform modules already initialized, skipping
========================================================================
Worker process is ready to serve import requests
Launched and connected shader compiler UnityShaderCompiler.exe after 0.10 seconds
Refreshing native plugins compatible for Editor in 0.63 ms, found 0 plugins.
Preloading 0 native plugins for Editor in 0.00 ms.
Unloading 1285 Unused Serialized files (Serialized files now loaded: 0)
System memory in use before: 70.8 MB.
System memory in use after: 70.6 MB.

Unloading 12 unused Assets to reduce memory usage. Loaded Objects now: 1733.
Total: 5.173300 ms (FindLiveObjects: 0.411400 ms CreateObjectMapping: 0.093300 ms MarkObjects: 3.835800 ms  DeleteObjects: 0.829700 ms)

========================================================================
Received Import Request.
  path: Assets/Scenes/TestingMenu.unity
  artifactKey: Guid(209eae8d09302294896af94db92f5b17) Importer(815301076,1909f56bfc062723c751e8b465ee728b)
Start importing Assets/Scenes/TestingMenu.unity using Guid(209eae8d09302294896af94db92f5b17) Importer(815301076,1909f56bfc062723c751e8b465ee728b)  -> (artifact id: '6c1533d2368abf2eb544ec1b24f77405') in 0.180296 seconds
  Import took 0.185794 seconds .

========================================================================
Received Import Request.
  Time since last request: 2.605846 seconds.
  path: Assets/Scripts/CollectItem.cs
  artifactKey: Guid(cc94fcb797add6f43a4039aa48ab243f) Importer(815301076,1909f56bfc062723c751e8b465ee728b)
Start importing Assets/Scripts/CollectItem.cs using Guid(cc94fcb797add6f43a4039aa48ab243f) Importer(815301076,1909f56bfc062723c751e8b465ee728b)  -> (artifact id: '7967e3da4db41b180850dd025052199b') in 0.054124 seconds
  Import took 0.059751 seconds .

========================================================================
Received Import Request.
  Time since last request: 0.004331 seconds.
  path: Assets/Scripts/CollectItem.cs
  artifactKey: Guid(cc94fcb797add6f43a4039aa48ab243f) Importer(815301076,1909f56bfc062723c751e8b465ee728b)
Start importing Assets/Scripts/CollectItem.cs using Guid(cc94fcb797add6f43a4039aa48ab243f) Importer(815301076,1909f56bfc062723c751e8b465ee728b)  -> (artifact id: '7967e3da4db41b180850dd025052199b') in 0.007006 seconds
  Import took 0.010939 seconds .

========================================================================
Received Import Request.
  Time since last request: 1.111541 seconds.
  path: Assets/Scripts/healthBar.cs
  artifactKey: Guid(0199f34d7e02ece459bc04d0e98e2b07) Importer(815301076,1909f56bfc062723c751e8b465ee728b)
Start importing Assets/Scripts/healthBar.cs using Guid(0199f34d7e02ece459bc04d0e98e2b07) Importer(815301076,1909f56bfc062723c751e8b465ee728b)  -> (artifact id: '34a2d876d0fdbb97ff08d744d225c065') in 0.036853 seconds
  Import took 0.043414 seconds .

========================================================================
Received Import Request.
  Time since last request: 0.852999 seconds.
  path: Assets/Scripts/MainMenu.cs
  artifactKey: Guid(18cbd5975da49a74a8650d1786f00627) Importer(815301076,1909f56bfc062723c751e8b465ee728b)
Start importing Assets/Scripts/MainMenu.cs using Guid(18cbd5975da49a74a8650d1786f00627) Importer(815301076,1909f56bfc062723c751e8b465ee728b)  -> (artifact id: '8eac9ee33ae6e5af8de17d61054490a5') in 0.035936 seconds
  Import took 0.042198 seconds .

========================================================================
Received Import Request.
  Time since last request: 47.132421 seconds.
  path: Assets/Scenes/TestingUI.unity
  artifactKey: Guid(c74b0807b0b9a8548949b1186c34d3fe) Importer(815301076,1909f56bfc062723c751e8b465ee728b)
Start importing Assets/Scenes/TestingUI.unity using Guid(c74b0807b0b9a8548949b1186c34d3fe) Importer(815301076,1909f56bfc062723c751e8b465ee728b)  -> (artifact id: 'a66c7868a89403cb01039eec0384e0c6') in 0.061930 seconds
  Import took 0.067384 seconds .

AssetImportWorkerClient::OnTransportError - code=2 error=End of file
