Using pre-set license
Built from '2020.3/staging' branch; Version is '2020.3.0f1 (c7b5465681fb) revision 13088070'; Using compiler version '192528614'; Build Type 'Release'
OS: 'Windows 10 Home Single Language; OS build 18363.1440; Version 1909; 64bit' Language: 'pt' Physical Memory: 10178 MB
BatchMode: 1, IsHumanControllingUs: 0, StartBugReporterOnCrash: 0, Is64bit: 1, IsPro: 0

 COMMAND LINE ARGUMENTS:
C:\Program Files\Unity\Hub\Editor\2020.3.0f1\Editor\Unity.exe
-adb2
-batchMode
-noUpm
-name
AssetImportWorker0
-projectPath
C:/Users/baldu/UnityExercises/Infinity_Runner
-logFile
Logs/AssetImportWorker0.log
-srvPort
61301
Successfully changed project path to: C:/Users/baldu/UnityExercises/Infinity_Runner
C:/Users/baldu/UnityExercises/Infinity_Runner
Using Asset Import Pipeline V2.
Refreshing native plugins compatible for Editor in 94.38 ms, found 1 plugins.
Preloading 0 native plugins for Editor in 0.00 ms.
Initialize engine version: 2020.3.0f1 (c7b5465681fb)
[Subsystems] Discovering subsystems at path C:/Program Files/Unity/Hub/Editor/2020.3.0f1/Editor/Data/Resources/UnitySubsystems
[Subsystems] Discovering subsystems at path C:/Users/baldu/UnityExercises/Infinity_Runner/Assets
GfxDevice: creating device client; threaded=0
Direct3D:
    Version:  Direct3D 11.0 [level 11.1]
    Renderer: AMD Radeon(TM) Vega 8 Graphics (ID=0x15d8)
    Vendor:   
    VRAM:     5089 MB
    Driver:   26.20.11028.1002
Initialize mono
Mono path[0] = 'C:/Program Files/Unity/Hub/Editor/2020.3.0f1/Editor/Data/Managed'
Mono path[1] = 'C:/Program Files/Unity/Hub/Editor/2020.3.0f1/Editor/Data/MonoBleedingEdge/lib/mono/unityjit'
Mono config path = 'C:/Program Files/Unity/Hub/Editor/2020.3.0f1/Editor/Data/MonoBleedingEdge/etc'
Using monoOptions --debugger-agent=transport=dt_socket,embedding=1,server=y,suspend=n,address=127.0.0.1:56040
Begin MonoManager ReloadAssembly
Registering precompiled unity dll's ...
Register platform support module: C:/Program Files/Unity/Hub/Editor/2020.3.0f1/Editor/Data/PlaybackEngines/WebGLSupport/UnityEditor.WebGL.Extensions.dll
Register platform support module: C:/Program Files/Unity/Hub/Editor/2020.3.0f1/Editor/Data/PlaybackEngines/WindowsStandaloneSupport/UnityEditor.WindowsStandalone.Extensions.dll
Registered in 0.009338 seconds.
Native extension for WindowsStandalone target not found
Native extension for WebGL target not found
Refreshing native plugins compatible for Editor in 121.38 ms, found 1 plugins.
Preloading 0 native plugins for Editor in 0.00 ms.
Invoked RoslynAnalysisRunner static constructor.
RoslynAnalysisRunner will not be running.
RoslynAnalysisRunner has terminated.
Mono: successfully reloaded assembly
- Completed reload, in  5.600 seconds
Platform modules already initialized, skipping
Registering precompiled user dll's ...
Registered in 0.002251 seconds.
Begin MonoManager ReloadAssembly
Native extension for WindowsStandalone target not found
Native extension for WebGL target not found
Refreshing native plugins compatible for Editor in 105.45 ms, found 1 plugins.
Preloading 0 native plugins for Editor in 0.00 ms.
Invoked RoslynAnalysisRunner static constructor.
RoslynAnalysisRunner will not be running.
RoslynAnalysisRunner has terminated.
Mono: successfully reloaded assembly
- Completed reload, in  2.636 seconds
Platform modules already initialized, skipping
========================================================================
Worker process is ready to serve import requests
Launched and connected shader compiler UnityShaderCompiler.exe after 0.09 seconds
Refreshing native plugins compatible for Editor in 0.46 ms, found 1 plugins.
Preloading 0 native plugins for Editor in 0.00 ms.
Unloading 1809 Unused Serialized files (Serialized files now loaded: 0)
System memory in use before: 84.9 MB.
System memory in use after: 84.8 MB.

Unloading 24 unused Assets to reduce memory usage. Loaded Objects now: 2252.
Total: 4.513800 ms (FindLiveObjects: 0.511300 ms CreateObjectMapping: 0.145800 ms MarkObjects: 3.515000 ms  DeleteObjects: 0.338000 ms)

========================================================================
Received Import Request.
  path: Assets/Flat Jetpack/Characters/Jetpack Smoke/2.png
  artifactKey: Guid(f064e0dd4a0067b47a49b46df30d8092) Importer(815301076,1909f56bfc062723c751e8b465ee728b)
Start importing Assets/Flat Jetpack/Characters/Jetpack Smoke/2.png using Guid(f064e0dd4a0067b47a49b46df30d8092) Importer(815301076,1909f56bfc062723c751e8b465ee728b)  -> (artifact id: 'b03b4eef2e61db598ea448f7827d1e84') in 0.262497 seconds
  Import took 0.269534 seconds .

========================================================================
Received Import Request.
  Time since last request: 0.000466 seconds.
  path: Assets/Flat Jetpack/Characters/Jetpack Smoke/4.png
  artifactKey: Guid(43888c48482d07241826025d79e96026) Importer(815301076,1909f56bfc062723c751e8b465ee728b)
Start importing Assets/Flat Jetpack/Characters/Jetpack Smoke/4.png using Guid(43888c48482d07241826025d79e96026) Importer(815301076,1909f56bfc062723c751e8b465ee728b)  -> (artifact id: 'e07bf44058e3e212b7805eb93f42fa5a') in 0.106356 seconds
  Import took 0.113291 seconds .

========================================================================
Received Import Request.
  Time since last request: 0.000432 seconds.
  path: Assets/Flat Jetpack/Characters/01/Walk/3.png
  artifactKey: Guid(2c1a4f27f098c3143aff816e1fcb6b33) Importer(815301076,1909f56bfc062723c751e8b465ee728b)
Start importing Assets/Flat Jetpack/Characters/01/Walk/3.png using Guid(2c1a4f27f098c3143aff816e1fcb6b33) Importer(815301076,1909f56bfc062723c751e8b465ee728b)  -> (artifact id: 'f682c3d7dfc6a46e88a424863e0ebdfc') in 0.037027 seconds
  Import took 0.044187 seconds .

========================================================================
Received Import Request.
  Time since last request: 0.000310 seconds.
  path: Assets/Flat Jetpack/Characters/Jetpack Smoke
  artifactKey: Guid(b37409b309ccd6544968d531a8917b0f) Importer(815301076,1909f56bfc062723c751e8b465ee728b)
Start importing Assets/Flat Jetpack/Characters/Jetpack Smoke using Guid(b37409b309ccd6544968d531a8917b0f) Importer(815301076,1909f56bfc062723c751e8b465ee728b)  -> (artifact id: '4fa80a54b40060f64658197677491350') in 0.018182 seconds
  Import took 0.024071 seconds .

========================================================================
Received Import Request.
  Time since last request: 0.000317 seconds.
  path: Assets/Flat Jetpack/Characters/01/Walk/8.png
  artifactKey: Guid(fdad8722a72753d4590b48f182e21da7) Importer(815301076,1909f56bfc062723c751e8b465ee728b)
Start importing Assets/Flat Jetpack/Characters/01/Walk/8.png using Guid(fdad8722a72753d4590b48f182e21da7) Importer(815301076,1909f56bfc062723c751e8b465ee728b)  -> (artifact id: '2ea05f6040237cf480ac0540a034941c') in 0.047929 seconds
  Import took 0.054617 seconds .

========================================================================
Received Import Request.
  Time since last request: 0.000449 seconds.
  path: Assets/Flat Jetpack/Characters/Jetpack Smoke/3.png
  artifactKey: Guid(172ce3d042a5c9e48be2bf289ecb2844) Importer(815301076,1909f56bfc062723c751e8b465ee728b)
Start importing Assets/Flat Jetpack/Characters/Jetpack Smoke/3.png using Guid(172ce3d042a5c9e48be2bf289ecb2844) Importer(815301076,1909f56bfc062723c751e8b465ee728b)  -> (artifact id: '21c2749d196cd5b731b961419687bafe') in 0.079163 seconds
  Import took 0.084654 seconds .

========================================================================
Received Import Request.
  Time since last request: 0.000303 seconds.
  path: Assets/Flat Jetpack/Characters/01/Walk/5.png
  artifactKey: Guid(c03bdddebc3b66e48af0842f519a0fcc) Importer(815301076,1909f56bfc062723c751e8b465ee728b)
Start importing Assets/Flat Jetpack/Characters/01/Walk/5.png using Guid(c03bdddebc3b66e48af0842f519a0fcc) Importer(815301076,1909f56bfc062723c751e8b465ee728b)  -> (artifact id: 'ab4af8a358ad86b242a3a18a3379de97') in 0.047412 seconds
  Import took 0.053843 seconds .

========================================================================
Received Import Request.
  Time since last request: 0.000543 seconds.
  path: Assets/Flat Jetpack/Characters/01/Walk/2.png
  artifactKey: Guid(8caa0ebc663a8cb4b967a188b6da9906) Importer(815301076,1909f56bfc062723c751e8b465ee728b)
Start importing Assets/Flat Jetpack/Characters/01/Walk/2.png using Guid(8caa0ebc663a8cb4b967a188b6da9906) Importer(815301076,1909f56bfc062723c751e8b465ee728b)  -> (artifact id: '5c580cf222e8b91cdcfdd9968ed47ef5') in 0.034016 seconds
  Import took 0.038694 seconds .

========================================================================
Received Import Request.
  Time since last request: 0.000256 seconds.
  path: Assets/Flat Jetpack/Characters/01/Walk/7.png
  artifactKey: Guid(bc4a78806a8c8214b9ca786c4d5ab0e0) Importer(815301076,1909f56bfc062723c751e8b465ee728b)
Start importing Assets/Flat Jetpack/Characters/01/Walk/7.png using Guid(bc4a78806a8c8214b9ca786c4d5ab0e0) Importer(815301076,1909f56bfc062723c751e8b465ee728b)  -> (artifact id: '6f9c82fa27a770e25fc802959e18adee') in 0.048107 seconds
  Import took 0.055164 seconds .

========================================================================
Received Import Request.
  Time since last request: 0.000503 seconds.
  path: Assets/Flat Jetpack/Characters/Jetpack Smoke/1.png
  artifactKey: Guid(8fc0924d5f34cc249a87771463f4254e) Importer(815301076,1909f56bfc062723c751e8b465ee728b)
Start importing Assets/Flat Jetpack/Characters/Jetpack Smoke/1.png using Guid(8fc0924d5f34cc249a87771463f4254e) Importer(815301076,1909f56bfc062723c751e8b465ee728b)  -> (artifact id: 'fc5f09e4fb3b1f51a8565d401e3e0d95') in 0.103459 seconds
  Import took 0.109295 seconds .

========================================================================
Received Import Request.
  Time since last request: 0.000432 seconds.
  path: Assets/Flat Jetpack/Characters/01/Walk/1.png
  artifactKey: Guid(9b63ce7226cc0b341b7b05c01734d87e) Importer(815301076,1909f56bfc062723c751e8b465ee728b)
Start importing Assets/Flat Jetpack/Characters/01/Walk/1.png using Guid(9b63ce7226cc0b341b7b05c01734d87e) Importer(815301076,1909f56bfc062723c751e8b465ee728b)  -> (artifact id: '897693f509fbaf20baf5c709fa547bae') in 0.077539 seconds
  Import took 0.083130 seconds .

========================================================================
Received Import Request.
  Time since last request: 0.000271 seconds.
  path: Assets/Flat Jetpack/Characters/01/Walk
  artifactKey: Guid(757f30df62907dd4f834b64bd2eec2bc) Importer(815301076,1909f56bfc062723c751e8b465ee728b)
Start importing Assets/Flat Jetpack/Characters/01/Walk using Guid(757f30df62907dd4f834b64bd2eec2bc) Importer(815301076,1909f56bfc062723c751e8b465ee728b)  -> (artifact id: '1fe8fbda9015c6c4ae84dd27e9f362d5') in 0.013851 seconds
  Import took 0.019528 seconds .

========================================================================
Received Import Request.
  Time since last request: 0.000347 seconds.
  path: Assets/Flat Jetpack/Characters/01/Walk/4.png
  artifactKey: Guid(2cfe15e74a8c4c84e82395fb6d647154) Importer(815301076,1909f56bfc062723c751e8b465ee728b)
Start importing Assets/Flat Jetpack/Characters/01/Walk/4.png using Guid(2cfe15e74a8c4c84e82395fb6d647154) Importer(815301076,1909f56bfc062723c751e8b465ee728b)  -> (artifact id: '3722772e2db3fca7d4b1715aa4bdd423') in 0.037009 seconds
  Import took 0.042618 seconds .

========================================================================
Received Import Request.
  Time since last request: 0.000441 seconds.
  path: Assets/Flat Jetpack/Characters/01/Walk/6.png
  artifactKey: Guid(e04c3c367f2f42c4db7ecf7cf33f022a) Importer(815301076,1909f56bfc062723c751e8b465ee728b)
Start importing Assets/Flat Jetpack/Characters/01/Walk/6.png using Guid(e04c3c367f2f42c4db7ecf7cf33f022a) Importer(815301076,1909f56bfc062723c751e8b465ee728b)  -> (artifact id: '274de6fa769073a4cdd53e5491b02215') in 0.043110 seconds
  Import took 0.048545 seconds .

========================================================================
Received Import Request.
  Time since last request: 142.706639 seconds.
  path: Assets/Flat Jetpack/Characters/01/Jump/1.png
  artifactKey: Guid(119700522fab9fa498ce687a262ece09) Importer(815301076,1909f56bfc062723c751e8b465ee728b)
Start importing Assets/Flat Jetpack/Characters/01/Jump/1.png using Guid(119700522fab9fa498ce687a262ece09) Importer(815301076,1909f56bfc062723c751e8b465ee728b)  -> (artifact id: 'ce83909677ef4fbe5b75e5dee6470947') in 0.093051 seconds
  Import took 0.101878 seconds .

========================================================================
Received Import Request.
  Time since last request: 0.000449 seconds.
  path: Assets/Flat Jetpack/Characters/01/Jump/3.png
  artifactKey: Guid(db3827394cb64f248937c526a5352d0e) Importer(815301076,1909f56bfc062723c751e8b465ee728b)
Start importing Assets/Flat Jetpack/Characters/01/Jump/3.png using Guid(db3827394cb64f248937c526a5352d0e) Importer(815301076,1909f56bfc062723c751e8b465ee728b)  -> (artifact id: '8100ed1c458aed44310bb7bf2ee236a0') in 0.095847 seconds
  Import took 0.102452 seconds .

========================================================================
Received Import Request.
  Time since last request: 0.000378 seconds.
  path: Assets/Flat Jetpack/Characters/01/Jump/2.png
  artifactKey: Guid(e1f911df4328afc4c8bbdeb3a2f7397b) Importer(815301076,1909f56bfc062723c751e8b465ee728b)
Start importing Assets/Flat Jetpack/Characters/01/Jump/2.png using Guid(e1f911df4328afc4c8bbdeb3a2f7397b) Importer(815301076,1909f56bfc062723c751e8b465ee728b)  -> (artifact id: 'f9c1138e30d3d666ad6df1d5497dee4b') in 0.143809 seconds
  Import took 0.149747 seconds .

========================================================================
Received Import Request.
  Time since last request: 520.520252 seconds.
  path: Assets/Animations/sprite.controller
  artifactKey: Guid(007c242d63e7f914984558cb22c11031) Importer(815301076,1909f56bfc062723c751e8b465ee728b)
Start importing Assets/Animations/sprite.controller using Guid(007c242d63e7f914984558cb22c11031) Importer(815301076,1909f56bfc062723c751e8b465ee728b)  -> (artifact id: 'ac01da8273fa653278993632425bcf2f') in 0.069189 seconds
  Import took 0.078897 seconds .

========================================================================
Received Prepare
Registering precompiled user dll's ...
Registered in 0.002093 seconds.
Begin MonoManager ReloadAssembly
Native extension for WindowsStandalone target not found
Native extension for WebGL target not found
Refreshing native plugins compatible for Editor in 0.66 ms, found 1 plugins.
Preloading 0 native plugins for Editor in 0.00 ms.
Invoked RoslynAnalysisRunner static constructor.
RoslynAnalysisRunner will not be running.
RoslynAnalysisRunner has terminated.
Mono: successfully reloaded assembly
- Completed reload, in  1.894 seconds
Platform modules already initialized, skipping
Refreshing native plugins compatible for Editor in 0.69 ms, found 1 plugins.
Preloading 0 native plugins for Editor in 0.00 ms.
Unloading 1804 Unused Serialized files (Serialized files now loaded: 0)
System memory in use before: 87.9 MB.
System memory in use after: 87.9 MB.

Unloading 12 unused Assets to reduce memory usage. Loaded Objects now: 2262.
Total: 3.955100 ms (FindLiveObjects: 0.300200 ms CreateObjectMapping: 0.079000 ms MarkObjects: 3.394600 ms  DeleteObjects: 0.179800 ms)

========================================================================
Received Import Request.
  Time since last request: 488.992790 seconds.
  path: ProjectSettings/TagManager.asset
  artifactKey: Guid(00000000000000003000000000000000) Importer(815301076,1909f56bfc062723c751e8b465ee728b)
Start importing ProjectSettings/TagManager.asset using Guid(00000000000000003000000000000000) Importer(815301076,1909f56bfc062723c751e8b465ee728b)  -> (artifact id: '779d5949113fa91bb85f64f090860d93') in 0.060619 seconds
  Import took 0.072567 seconds .

========================================================================
Received Import Request.
  Time since last request: 15.766170 seconds.
  path: Assets/Prefabs/PlatformB.prefab
  artifactKey: Guid(0dc0ab355d6ef2d41aba838f449b7a4c) Importer(815301076,1909f56bfc062723c751e8b465ee728b)
Start importing Assets/Prefabs/PlatformB.prefab using Guid(0dc0ab355d6ef2d41aba838f449b7a4c) Importer(815301076,1909f56bfc062723c751e8b465ee728b)  -> (artifact id: '673cbc6e655acba32ede8c517bdcb918') in 0.146604 seconds
  Import took 0.156386 seconds .

========================================================================
Received Import Request.
  Time since last request: 27.482196 seconds.
  path: Assets/Prefabs/PlatformC.prefab
  artifactKey: Guid(fe41ec701f23b3f4f9edc15492924cef) Importer(815301076,1909f56bfc062723c751e8b465ee728b)
Start importing Assets/Prefabs/PlatformC.prefab using Guid(fe41ec701f23b3f4f9edc15492924cef) Importer(815301076,1909f56bfc062723c751e8b465ee728b)  -> (artifact id: 'c36b34eff699ecdafdda11dbbea16612') in 0.058228 seconds
  Import took 0.067723 seconds .

========================================================================
Received Import Request.
  Time since last request: 3.100885 seconds.
  path: Assets/Prefabs/PlatformC.prefab
  artifactKey: Guid(fe41ec701f23b3f4f9edc15492924cef) Importer(815301076,1909f56bfc062723c751e8b465ee728b)
Start importing Assets/Prefabs/PlatformC.prefab using Guid(fe41ec701f23b3f4f9edc15492924cef) Importer(815301076,1909f56bfc062723c751e8b465ee728b)  -> (artifact id: '0532b91b01309a93af211a3428b0fa76') in 0.027642 seconds
  Import took 0.036428 seconds .

========================================================================
Received Import Request.
  Time since last request: 4.734214 seconds.
  path: Assets/Prefabs/PlatformA.prefab
  artifactKey: Guid(7fa964da4f618ed409e163cad70414e7) Importer(815301076,1909f56bfc062723c751e8b465ee728b)
Start importing Assets/Prefabs/PlatformA.prefab using Guid(7fa964da4f618ed409e163cad70414e7) Importer(815301076,1909f56bfc062723c751e8b465ee728b)  -> (artifact id: '0b02412d65aac45fd06879225a1f6690') in 0.046276 seconds
  Import took 0.053451 seconds .

========================================================================
Received Prepare
Registering precompiled user dll's ...
Registered in 0.002153 seconds.
Begin MonoManager ReloadAssembly
Native extension for WindowsStandalone target not found
Native extension for WebGL target not found
Refreshing native plugins compatible for Editor in 1.03 ms, found 1 plugins.
Preloading 0 native plugins for Editor in 0.00 ms.
Invoked RoslynAnalysisRunner static constructor.
RoslynAnalysisRunner will not be running.
RoslynAnalysisRunner has terminated.
Mono: successfully reloaded assembly
- Completed reload, in  2.174 seconds
Platform modules already initialized, skipping
Refreshing native plugins compatible for Editor in 0.74 ms, found 1 plugins.
Preloading 0 native plugins for Editor in 0.00 ms.
Unloading 1804 Unused Serialized files (Serialized files now loaded: 0)
System memory in use before: 88.0 MB.
System memory in use after: 88.0 MB.

Unloading 13 unused Assets to reduce memory usage. Loaded Objects now: 2270.
Total: 5.774800 ms (FindLiveObjects: 0.520600 ms CreateObjectMapping: 0.109100 ms MarkObjects: 4.787800 ms  DeleteObjects: 0.353700 ms)

========================================================================
Received Prepare
Registering precompiled user dll's ...
Registered in 0.004123 seconds.
Begin MonoManager ReloadAssembly
Native extension for WindowsStandalone target not found
Native extension for WebGL target not found
Refreshing native plugins compatible for Editor in 0.84 ms, found 1 plugins.
Preloading 0 native plugins for Editor in 0.00 ms.
Invoked RoslynAnalysisRunner static constructor.
RoslynAnalysisRunner will not be running.
RoslynAnalysisRunner has terminated.
Mono: successfully reloaded assembly
- Completed reload, in  1.985 seconds
Platform modules already initialized, skipping
Refreshing native plugins compatible for Editor in 0.50 ms, found 1 plugins.
Preloading 0 native plugins for Editor in 0.00 ms.
Unloading 1804 Unused Serialized files (Serialized files now loaded: 0)
System memory in use before: 88.0 MB.
System memory in use after: 88.0 MB.

Unloading 12 unused Assets to reduce memory usage. Loaded Objects now: 2274.
Total: 2.760800 ms (FindLiveObjects: 0.239400 ms CreateObjectMapping: 0.049600 ms MarkObjects: 2.321000 ms  DeleteObjects: 0.149000 ms)

========================================================================
Received Prepare
Registering precompiled user dll's ...
Registered in 0.002224 seconds.
Begin MonoManager ReloadAssembly
Native extension for WindowsStandalone target not found
Native extension for WebGL target not found
Refreshing native plugins compatible for Editor in 0.50 ms, found 1 plugins.
Preloading 0 native plugins for Editor in 0.00 ms.
Invoked RoslynAnalysisRunner static constructor.
RoslynAnalysisRunner will not be running.
RoslynAnalysisRunner has terminated.
Mono: successfully reloaded assembly
- Completed reload, in  1.325 seconds
Platform modules already initialized, skipping
Refreshing native plugins compatible for Editor in 0.87 ms, found 1 plugins.
Preloading 0 native plugins for Editor in 0.00 ms.
Unloading 1804 Unused Serialized files (Serialized files now loaded: 0)
System memory in use before: 88.1 MB.
System memory in use after: 88.1 MB.

Unloading 12 unused Assets to reduce memory usage. Loaded Objects now: 2278.
Total: 4.041700 ms (FindLiveObjects: 0.380900 ms CreateObjectMapping: 0.083600 ms MarkObjects: 3.364800 ms  DeleteObjects: 0.209700 ms)

========================================================================
Received Prepare
Registering precompiled user dll's ...
Registered in 0.001952 seconds.
Begin MonoManager ReloadAssembly
Native extension for WindowsStandalone target not found
Native extension for WebGL target not found
Refreshing native plugins compatible for Editor in 0.54 ms, found 1 plugins.
Preloading 0 native plugins for Editor in 0.00 ms.
Invoked RoslynAnalysisRunner static constructor.
RoslynAnalysisRunner will not be running.
RoslynAnalysisRunner has terminated.
Mono: successfully reloaded assembly
- Completed reload, in  1.989 seconds
Platform modules already initialized, skipping
Refreshing native plugins compatible for Editor in 0.93 ms, found 1 plugins.
Preloading 0 native plugins for Editor in 0.00 ms.
Unloading 1804 Unused Serialized files (Serialized files now loaded: 0)
System memory in use before: 88.1 MB.
System memory in use after: 88.1 MB.

Unloading 12 unused Assets to reduce memory usage. Loaded Objects now: 2282.
Total: 5.124300 ms (FindLiveObjects: 0.774600 ms CreateObjectMapping: 0.239300 ms MarkObjects: 3.888600 ms  DeleteObjects: 0.219200 ms)

========================================================================
Received Prepare
Registering precompiled user dll's ...
Registered in 0.002531 seconds.
Begin MonoManager ReloadAssembly
Native extension for WindowsStandalone target not found
Native extension for WebGL target not found
Refreshing native plugins compatible for Editor in 0.50 ms, found 1 plugins.
Preloading 0 native plugins for Editor in 0.00 ms.
Invoked RoslynAnalysisRunner static constructor.
RoslynAnalysisRunner will not be running.
RoslynAnalysisRunner has terminated.
Mono: successfully reloaded assembly
- Completed reload, in  1.493 seconds
Platform modules already initialized, skipping
Refreshing native plugins compatible for Editor in 0.79 ms, found 1 plugins.
Preloading 0 native plugins for Editor in 0.00 ms.
Unloading 1804 Unused Serialized files (Serialized files now loaded: 0)
System memory in use before: 88.1 MB.
System memory in use after: 88.1 MB.

Unloading 12 unused Assets to reduce memory usage. Loaded Objects now: 2286.
Total: 3.960500 ms (FindLiveObjects: 0.471200 ms CreateObjectMapping: 0.090100 ms MarkObjects: 3.212200 ms  DeleteObjects: 0.184700 ms)

========================================================================
Received Prepare
Registering precompiled user dll's ...
Registered in 0.001931 seconds.
Begin MonoManager ReloadAssembly
Native extension for WindowsStandalone target not found
Native extension for WebGL target not found
Refreshing native plugins compatible for Editor in 0.88 ms, found 1 plugins.
Preloading 0 native plugins for Editor in 0.00 ms.
Invoked RoslynAnalysisRunner static constructor.
RoslynAnalysisRunner will not be running.
RoslynAnalysisRunner has terminated.
Mono: successfully reloaded assembly
- Completed reload, in  2.196 seconds
Platform modules already initialized, skipping
Refreshing native plugins compatible for Editor in 0.93 ms, found 1 plugins.
Preloading 0 native plugins for Editor in 0.00 ms.
Unloading 1804 Unused Serialized files (Serialized files now loaded: 0)
System memory in use before: 88.1 MB.
System memory in use after: 88.1 MB.

Unloading 12 unused Assets to reduce memory usage. Loaded Objects now: 2290.
Total: 4.674300 ms (FindLiveObjects: 0.487200 ms CreateObjectMapping: 0.082400 ms MarkObjects: 3.803000 ms  DeleteObjects: 0.298800 ms)

========================================================================
Received Prepare
Registering precompiled user dll's ...
Registered in 0.002213 seconds.
Begin MonoManager ReloadAssembly
Native extension for WindowsStandalone target not found
Native extension for WebGL target not found
Refreshing native plugins compatible for Editor in 0.99 ms, found 1 plugins.
Preloading 0 native plugins for Editor in 0.00 ms.
Invoked RoslynAnalysisRunner static constructor.
RoslynAnalysisRunner will not be running.
RoslynAnalysisRunner has terminated.
Mono: successfully reloaded assembly
- Completed reload, in  2.133 seconds
Platform modules already initialized, skipping
Refreshing native plugins compatible for Editor in 0.78 ms, found 1 plugins.
Preloading 0 native plugins for Editor in 0.00 ms.
Unloading 1804 Unused Serialized files (Serialized files now loaded: 0)
System memory in use before: 88.1 MB.
System memory in use after: 88.1 MB.

Unloading 12 unused Assets to reduce memory usage. Loaded Objects now: 2294.
Total: 4.992300 ms (FindLiveObjects: 0.655900 ms CreateObjectMapping: 0.219200 ms MarkObjects: 3.826800 ms  DeleteObjects: 0.285300 ms)

========================================================================
Received Prepare
Registering precompiled user dll's ...
Registered in 0.002293 seconds.
Begin MonoManager ReloadAssembly
Native extension for WindowsStandalone target not found
Native extension for WebGL target not found
Refreshing native plugins compatible for Editor in 1.05 ms, found 1 plugins.
Preloading 0 native plugins for Editor in 0.00 ms.
Invoked RoslynAnalysisRunner static constructor.
RoslynAnalysisRunner will not be running.
RoslynAnalysisRunner has terminated.
Mono: successfully reloaded assembly
- Completed reload, in  1.551 seconds
Platform modules already initialized, skipping
Refreshing native plugins compatible for Editor in 0.74 ms, found 1 plugins.
Preloading 0 native plugins for Editor in 0.00 ms.
Unloading 1804 Unused Serialized files (Serialized files now loaded: 0)
System memory in use before: 88.1 MB.
System memory in use after: 88.1 MB.

Unloading 12 unused Assets to reduce memory usage. Loaded Objects now: 2298.
Total: 6.223800 ms (FindLiveObjects: 0.531800 ms CreateObjectMapping: 0.120400 ms MarkObjects: 5.214600 ms  DeleteObjects: 0.354000 ms)

AssetImportWorkerClient::OnTransportError - code=2 error=End of file
