Using pre-set license
Built from '2020.3/staging' branch; Version is '2020.3.0f1 (c7b5465681fb) revision 13088070'; Using compiler version '192528614'; Build Type 'Release'
OS: 'Windows 10 Home Single Language; OS build 18363.1440; Version 1909; 64bit' Language: 'pt' Physical Memory: 10178 MB
BatchMode: 1, IsHumanControllingUs: 0, StartBugReporterOnCrash: 0, Is64bit: 1, IsPro: 0

 COMMAND LINE ARGUMENTS:
C:\Program Files\Unity\Hub\Editor\2020.3.0f1\Editor\Unity.exe
-adb2
-batchMode
-noUpm
-name
AssetImportWorker2
-projectPath
C:/Users/baldu/UnityExercises/Learning easy 2D animations
-logFile
Logs/AssetImportWorker2.log
-srvPort
55605
Successfully changed project path to: C:/Users/baldu/UnityExercises/Learning easy 2D animations
C:/Users/baldu/UnityExercises/Learning easy 2D animations
Using Asset Import Pipeline V2.
Refreshing native plugins compatible for Editor in 80.23 ms, found 1 plugins.
Preloading 0 native plugins for Editor in 0.00 ms.
Initialize engine version: 2020.3.0f1 (c7b5465681fb)
[Subsystems] Discovering subsystems at path C:/Program Files/Unity/Hub/Editor/2020.3.0f1/Editor/Data/Resources/UnitySubsystems
[Subsystems] Discovering subsystems at path C:/Users/baldu/UnityExercises/Learning easy 2D animations/Assets
GfxDevice: creating device client; threaded=0
Direct3D:
    Version:  Direct3D 11.0 [level 11.1]
    Renderer: AMD Radeon(TM) Vega 8 Graphics (ID=0x15d8)
    Vendor:   
    VRAM:     5089 MB
    Driver:   26.20.11028.1002
Initialize mono
Mono path[0] = 'C:/Program Files/Unity/Hub/Editor/2020.3.0f1/Editor/Data/Managed'
Mono path[1] = 'C:/Program Files/Unity/Hub/Editor/2020.3.0f1/Editor/Data/MonoBleedingEdge/lib/mono/unityjit'
Mono config path = 'C:/Program Files/Unity/Hub/Editor/2020.3.0f1/Editor/Data/MonoBleedingEdge/etc'
Using monoOptions --debugger-agent=transport=dt_socket,embedding=1,server=y,suspend=n,address=127.0.0.1:56304
Begin MonoManager ReloadAssembly
Registering precompiled unity dll's ...
Register platform support module: C:/Program Files/Unity/Hub/Editor/2020.3.0f1/Editor/Data/PlaybackEngines/WebGLSupport/UnityEditor.WebGL.Extensions.dll
Register platform support module: C:/Program Files/Unity/Hub/Editor/2020.3.0f1/Editor/Data/PlaybackEngines/WindowsStandaloneSupport/UnityEditor.WindowsStandalone.Extensions.dll
Registered in 0.008102 seconds.
Native extension for WindowsStandalone target not found
Native extension for WebGL target not found
Refreshing native plugins compatible for Editor in 117.46 ms, found 1 plugins.
Preloading 0 native plugins for Editor in 0.00 ms.
Invoked RoslynAnalysisRunner static constructor.
RoslynAnalysisRunner will not be running.
RoslynAnalysisRunner has terminated.
Mono: successfully reloaded assembly
- Completed reload, in  6.088 seconds
Platform modules already initialized, skipping
Registering precompiled user dll's ...
Registered in 0.002327 seconds.
Begin MonoManager ReloadAssembly
Native extension for WindowsStandalone target not found
Native extension for WebGL target not found
Refreshing native plugins compatible for Editor in 80.15 ms, found 1 plugins.
Preloading 0 native plugins for Editor in 0.00 ms.
Invoked RoslynAnalysisRunner static constructor.
RoslynAnalysisRunner will not be running.
RoslynAnalysisRunner has terminated.
Mono: successfully reloaded assembly
- Completed reload, in  7.554 seconds
Platform modules already initialized, skipping
========================================================================
Worker process is ready to serve import requests
Launched and connected shader compiler UnityShaderCompiler.exe after 0.21 seconds
Refreshing native plugins compatible for Editor in 0.92 ms, found 1 plugins.
Preloading 0 native plugins for Editor in 0.00 ms.
Unloading 1808 Unused Serialized files (Serialized files now loaded: 0)
System memory in use before: 84.6 MB.
System memory in use after: 84.6 MB.

Unloading 24 unused Assets to reduce memory usage. Loaded Objects now: 2251.
Total: 6.400300 ms (FindLiveObjects: 0.742400 ms CreateObjectMapping: 0.180000 ms MarkObjects: 5.129700 ms  DeleteObjects: 0.343700 ms)

========================================================================
Received Import Request.
  path: Assets/Scenes
  artifactKey: Guid(d819b43bb4c847c439e454fbaed5e944) Importer(815301076,1909f56bfc062723c751e8b465ee728b)
Start importing Assets/Scenes using Guid(d819b43bb4c847c439e454fbaed5e944) Importer(815301076,1909f56bfc062723c751e8b465ee728b)  -> (artifact id: '5a3466d7b4f8386f5257b1700c6bab04') in 0.109402 seconds
  Import took 0.118224 seconds .

========================================================================
Received Import Request.
  Time since last request: 0.000710 seconds.
  path: Assets/Anim
  artifactKey: Guid(f5de661da12b1c141b1fac488e8dcf10) Importer(815301076,1909f56bfc062723c751e8b465ee728b)
Start importing Assets/Anim using Guid(f5de661da12b1c141b1fac488e8dcf10) Importer(815301076,1909f56bfc062723c751e8b465ee728b)  -> (artifact id: '0156119d87de272f53835b7a24d5950a') in 0.030690 seconds
  Import took 0.038104 seconds .

========================================================================
Received Import Request.
  Time since last request: 47.279339 seconds.
  path: Assets/Anim/Sprites/Outros/energy.png
  artifactKey: Guid(b8d32e07f11e14b43aaddcc70de6cfaf) Importer(815301076,1909f56bfc062723c751e8b465ee728b)
Start importing Assets/Anim/Sprites/Outros/energy.png using Guid(b8d32e07f11e14b43aaddcc70de6cfaf) Importer(815301076,1909f56bfc062723c751e8b465ee728b)  -> (artifact id: '5344f7bc9cb0c224c4dd3bd420540410') in 0.574868 seconds
  Import took 0.595486 seconds .

========================================================================
Received Prepare
Registering precompiled user dll's ...
Registered in 0.003506 seconds.
Begin MonoManager ReloadAssembly
Native extension for WindowsStandalone target not found
Native extension for WebGL target not found
Refreshing native plugins compatible for Editor in 0.76 ms, found 1 plugins.
Preloading 0 native plugins for Editor in 0.00 ms.
Invoked RoslynAnalysisRunner static constructor.
RoslynAnalysisRunner will not be running.
RoslynAnalysisRunner has terminated.
Mono: successfully reloaded assembly
- Completed reload, in  2.360 seconds
Platform modules already initialized, skipping
Refreshing native plugins compatible for Editor in 0.96 ms, found 1 plugins.
Preloading 0 native plugins for Editor in 0.00 ms.
Unloading 1802 Unused Serialized files (Serialized files now loaded: 0)
System memory in use before: 87.7 MB.
System memory in use after: 87.6 MB.

Unloading 13 unused Assets to reduce memory usage. Loaded Objects now: 2260.
Total: 7.542000 ms (FindLiveObjects: 0.658400 ms CreateObjectMapping: 0.401500 ms MarkObjects: 6.190600 ms  DeleteObjects: 0.288600 ms)

========================================================================
Received Import Request.
  Time since last request: 73.405776 seconds.
  path: Assets/Scripts/EnergyBall.cs
  artifactKey: Guid(2fd590b20923da34d9237068c7caf084) Importer(815301076,1909f56bfc062723c751e8b465ee728b)
Start importing Assets/Scripts/EnergyBall.cs using Guid(2fd590b20923da34d9237068c7caf084) Importer(815301076,1909f56bfc062723c751e8b465ee728b)  -> (artifact id: '23ec3179a0ebbf4f9708f03c09c02a61') in 0.135339 seconds
  Import took 0.142487 seconds .

========================================================================
Received Import Request.
  Time since last request: 0.013632 seconds.
  path: Assets/Scripts/EnergyBall.cs
  artifactKey: Guid(2fd590b20923da34d9237068c7caf084) Importer(815301076,1909f56bfc062723c751e8b465ee728b)
Start importing Assets/Scripts/EnergyBall.cs using Guid(2fd590b20923da34d9237068c7caf084) Importer(815301076,1909f56bfc062723c751e8b465ee728b)  -> (artifact id: '23ec3179a0ebbf4f9708f03c09c02a61') in 0.009206 seconds
  Import took 0.016121 seconds .

========================================================================
Received Prepare
Registering precompiled user dll's ...
Registered in 0.004542 seconds.
Begin MonoManager ReloadAssembly
Native extension for WindowsStandalone target not found
Native extension for WebGL target not found
Refreshing native plugins compatible for Editor in 1.06 ms, found 1 plugins.
Preloading 0 native plugins for Editor in 0.00 ms.
Invoked RoslynAnalysisRunner static constructor.
RoslynAnalysisRunner will not be running.
RoslynAnalysisRunner has terminated.
Mono: successfully reloaded assembly
- Completed reload, in  2.760 seconds
Platform modules already initialized, skipping
Refreshing native plugins compatible for Editor in 2.26 ms, found 1 plugins.
Preloading 0 native plugins for Editor in 0.00 ms.
Unloading 1803 Unused Serialized files (Serialized files now loaded: 0)
System memory in use before: 87.7 MB.
System memory in use after: 87.7 MB.

Unloading 12 unused Assets to reduce memory usage. Loaded Objects now: 2265.
Total: 6.988200 ms (FindLiveObjects: 0.869600 ms CreateObjectMapping: 0.242300 ms MarkObjects: 5.576900 ms  DeleteObjects: 0.296300 ms)

========================================================================
Received Import Request.
  Time since last request: 120.817123 seconds.
  path: Assets/Scripts/EnergyBall.cs
  artifactKey: Guid(2fd590b20923da34d9237068c7caf084) Importer(815301076,1909f56bfc062723c751e8b465ee728b)
Start importing Assets/Scripts/EnergyBall.cs using Guid(2fd590b20923da34d9237068c7caf084) Importer(815301076,1909f56bfc062723c751e8b465ee728b)  -> (artifact id: '2168ff22809a8a1eea5f2c146df22138') in 0.024965 seconds
  Import took 0.036175 seconds .

========================================================================
Received Prepare
Registering precompiled user dll's ...
Registered in 0.003226 seconds.
Begin MonoManager ReloadAssembly
Native extension for WindowsStandalone target not found
Native extension for WebGL target not found
Refreshing native plugins compatible for Editor in 0.85 ms, found 1 plugins.
Preloading 0 native plugins for Editor in 0.00 ms.
Invoked RoslynAnalysisRunner static constructor.
RoslynAnalysisRunner will not be running.
RoslynAnalysisRunner has terminated.
Mono: successfully reloaded assembly
- Completed reload, in  2.034 seconds
Platform modules already initialized, skipping
Refreshing native plugins compatible for Editor in 1.12 ms, found 1 plugins.
Preloading 0 native plugins for Editor in 0.00 ms.
Unloading 1803 Unused Serialized files (Serialized files now loaded: 0)
System memory in use before: 87.7 MB.
System memory in use after: 87.7 MB.

Unloading 12 unused Assets to reduce memory usage. Loaded Objects now: 2269.
Total: 5.951900 ms (FindLiveObjects: 0.501100 ms CreateObjectMapping: 0.156300 ms MarkObjects: 4.972400 ms  DeleteObjects: 0.318700 ms)

========================================================================
Received Import Request.
  Time since last request: 26.289875 seconds.
  path: Assets/Scripts/EnergyBall.cs
  artifactKey: Guid(2fd590b20923da34d9237068c7caf084) Importer(815301076,1909f56bfc062723c751e8b465ee728b)
Start importing Assets/Scripts/EnergyBall.cs using Guid(2fd590b20923da34d9237068c7caf084) Importer(815301076,1909f56bfc062723c751e8b465ee728b)  -> (artifact id: '64752b00c45e888ba1ab3dcc787aee81') in 0.017727 seconds
  Import took 0.026017 seconds .

========================================================================
Received Prepare
Registering precompiled user dll's ...
Registered in 0.002005 seconds.
Begin MonoManager ReloadAssembly
Native extension for WindowsStandalone target not found
Native extension for WebGL target not found
Refreshing native plugins compatible for Editor in 1.21 ms, found 1 plugins.
Preloading 0 native plugins for Editor in 0.00 ms.
Invoked RoslynAnalysisRunner static constructor.
RoslynAnalysisRunner will not be running.
RoslynAnalysisRunner has terminated.
Mono: successfully reloaded assembly
- Completed reload, in  2.262 seconds
Platform modules already initialized, skipping
Refreshing native plugins compatible for Editor in 1.08 ms, found 1 plugins.
Preloading 0 native plugins for Editor in 0.00 ms.
Unloading 1803 Unused Serialized files (Serialized files now loaded: 0)
System memory in use before: 87.8 MB.
System memory in use after: 87.7 MB.

Unloading 12 unused Assets to reduce memory usage. Loaded Objects now: 2273.
Total: 6.079300 ms (FindLiveObjects: 0.534100 ms CreateObjectMapping: 0.147400 ms MarkObjects: 5.078400 ms  DeleteObjects: 0.316500 ms)

========================================================================
Received Prepare
Registering precompiled user dll's ...
Registered in 0.003371 seconds.
Begin MonoManager ReloadAssembly
Native extension for WindowsStandalone target not found
Native extension for WebGL target not found
Refreshing native plugins compatible for Editor in 0.82 ms, found 1 plugins.
Preloading 0 native plugins for Editor in 0.00 ms.
Invoked RoslynAnalysisRunner static constructor.
RoslynAnalysisRunner will not be running.
RoslynAnalysisRunner has terminated.
Mono: successfully reloaded assembly
- Completed reload, in  1.968 seconds
Platform modules already initialized, skipping
Refreshing native plugins compatible for Editor in 0.85 ms, found 1 plugins.
Preloading 0 native plugins for Editor in 0.00 ms.
Unloading 1803 Unused Serialized files (Serialized files now loaded: 0)
System memory in use before: 87.8 MB.
System memory in use after: 87.8 MB.

Unloading 12 unused Assets to reduce memory usage. Loaded Objects now: 2277.
Total: 5.684000 ms (FindLiveObjects: 0.636000 ms CreateObjectMapping: 0.124900 ms MarkObjects: 4.618100 ms  DeleteObjects: 0.301200 ms)

========================================================================
Received Import Request.
  Time since last request: 514.858529 seconds.
  path: Assets/Scripts/EnergyBall.cs
  artifactKey: Guid(2fd590b20923da34d9237068c7caf084) Importer(815301076,1909f56bfc062723c751e8b465ee728b)
Start importing Assets/Scripts/EnergyBall.cs using Guid(2fd590b20923da34d9237068c7caf084) Importer(815301076,1909f56bfc062723c751e8b465ee728b)  -> (artifact id: 'ccf049dd62272becd6c7978ad7ae3d5f') in 0.018795 seconds
  Import took 0.028382 seconds .

========================================================================
Received Prepare
Registering precompiled user dll's ...
Registered in 0.002620 seconds.
Begin MonoManager ReloadAssembly
Native extension for WindowsStandalone target not found
Native extension for WebGL target not found
Refreshing native plugins compatible for Editor in 0.87 ms, found 1 plugins.
Preloading 0 native plugins for Editor in 0.00 ms.
Invoked RoslynAnalysisRunner static constructor.
RoslynAnalysisRunner will not be running.
RoslynAnalysisRunner has terminated.
Mono: successfully reloaded assembly
- Completed reload, in  2.367 seconds
Platform modules already initialized, skipping
Refreshing native plugins compatible for Editor in 0.89 ms, found 1 plugins.
Preloading 0 native plugins for Editor in 0.00 ms.
Unloading 1802 Unused Serialized files (Serialized files now loaded: 0)
System memory in use before: 87.8 MB.
System memory in use after: 87.7 MB.

Unloading 13 unused Assets to reduce memory usage. Loaded Objects now: 2280.
Total: 5.925000 ms (FindLiveObjects: 0.530100 ms CreateObjectMapping: 0.294000 ms MarkObjects: 4.741200 ms  DeleteObjects: 0.355900 ms)

========================================================================
Received Prepare
Registering precompiled user dll's ...
Registered in 0.003365 seconds.
Begin MonoManager ReloadAssembly
Native extension for WindowsStandalone target not found
Native extension for WebGL target not found
Refreshing native plugins compatible for Editor in 0.71 ms, found 1 plugins.
Preloading 0 native plugins for Editor in 0.00 ms.
Invoked RoslynAnalysisRunner static constructor.
RoslynAnalysisRunner will not be running.
RoslynAnalysisRunner has terminated.
Mono: successfully reloaded assembly
- Completed reload, in  1.999 seconds
Platform modules already initialized, skipping
Refreshing native plugins compatible for Editor in 0.87 ms, found 1 plugins.
Preloading 0 native plugins for Editor in 0.00 ms.
Unloading 1803 Unused Serialized files (Serialized files now loaded: 0)
System memory in use before: 87.8 MB.
System memory in use after: 87.8 MB.

Unloading 12 unused Assets to reduce memory usage. Loaded Objects now: 2285.
Total: 6.232500 ms (FindLiveObjects: 0.447700 ms CreateObjectMapping: 0.118700 ms MarkObjects: 5.347000 ms  DeleteObjects: 0.316300 ms)

========================================================================
Received Import Request.
  Time since last request: 507.678715 seconds.
  path: ProjectSettings/TagManager.asset
  artifactKey: Guid(00000000000000003000000000000000) Importer(815301076,1909f56bfc062723c751e8b465ee728b)
Start importing ProjectSettings/TagManager.asset using Guid(00000000000000003000000000000000) Importer(815301076,1909f56bfc062723c751e8b465ee728b)  -> (artifact id: '8a57a6d52c656d5b372a404b7fb6e5f3') in 0.072769 seconds
  Import took 0.083520 seconds .

========================================================================
Received Prepare
Registering precompiled user dll's ...
Registered in 0.003113 seconds.
Begin MonoManager ReloadAssembly
Native extension for WindowsStandalone target not found
Native extension for WebGL target not found
Refreshing native plugins compatible for Editor in 0.97 ms, found 1 plugins.
Preloading 0 native plugins for Editor in 0.00 ms.
Invoked RoslynAnalysisRunner static constructor.
RoslynAnalysisRunner will not be running.
RoslynAnalysisRunner has terminated.
Mono: successfully reloaded assembly
- Completed reload, in  1.986 seconds
Platform modules already initialized, skipping
Refreshing native plugins compatible for Editor in 0.68 ms, found 1 plugins.
Preloading 0 native plugins for Editor in 0.00 ms.
Unloading 1803 Unused Serialized files (Serialized files now loaded: 0)
System memory in use before: 87.8 MB.
System memory in use after: 87.8 MB.

Unloading 13 unused Assets to reduce memory usage. Loaded Objects now: 2289.
Total: 7.039000 ms (FindLiveObjects: 0.437500 ms CreateObjectMapping: 0.096300 ms MarkObjects: 6.118500 ms  DeleteObjects: 0.384100 ms)

========================================================================
Received Prepare
Registering precompiled user dll's ...
Registered in 0.004015 seconds.
Begin MonoManager ReloadAssembly
Native extension for WindowsStandalone target not found
Native extension for WebGL target not found
Refreshing native plugins compatible for Editor in 1.05 ms, found 1 plugins.
Preloading 0 native plugins for Editor in 0.00 ms.
Invoked RoslynAnalysisRunner static constructor.
RoslynAnalysisRunner will not be running.
RoslynAnalysisRunner has terminated.
Mono: successfully reloaded assembly
- Completed reload, in  2.479 seconds
Platform modules already initialized, skipping
Refreshing native plugins compatible for Editor in 0.90 ms, found 1 plugins.
Preloading 0 native plugins for Editor in 0.00 ms.
Unloading 1803 Unused Serialized files (Serialized files now loaded: 0)
System memory in use before: 87.8 MB.
System memory in use after: 87.8 MB.

Unloading 12 unused Assets to reduce memory usage. Loaded Objects now: 2293.
Total: 5.682800 ms (FindLiveObjects: 0.626500 ms CreateObjectMapping: 0.133000 ms MarkObjects: 4.595800 ms  DeleteObjects: 0.324300 ms)

========================================================================
Received Import Request.
  Time since last request: 249.243971 seconds.
  path: Assets/Prefabs/energy.prefab
  artifactKey: Guid(ea3e252de632c5c4fbb6f040e81c3f29) Importer(815301076,1909f56bfc062723c751e8b465ee728b)
Start importing Assets/Prefabs/energy.prefab using Guid(ea3e252de632c5c4fbb6f040e81c3f29) Importer(815301076,1909f56bfc062723c751e8b465ee728b)  -> (artifact id: 'b7d47a276630f7a5846ee49f33c8da53') in 0.262551 seconds
  Import took 0.269154 seconds .

========================================================================
Received Import Request.
  Time since last request: 13.886378 seconds.
  path: Assets/Scripts/Player.cs
  artifactKey: Guid(126e047a94064c44fa3607e9dd30a42d) Importer(815301076,1909f56bfc062723c751e8b465ee728b)
Start importing Assets/Scripts/Player.cs using Guid(126e047a94064c44fa3607e9dd30a42d) Importer(815301076,1909f56bfc062723c751e8b465ee728b)  -> (artifact id: 'bc88a6f310cfd6163f988b44ff43161d') in 0.072412 seconds
  Import took 0.082583 seconds .

========================================================================
Received Prepare
Registering precompiled user dll's ...
Registered in 0.002822 seconds.
Begin MonoManager ReloadAssembly
Native extension for WindowsStandalone target not found
Native extension for WebGL target not found
Refreshing native plugins compatible for Editor in 0.86 ms, found 1 plugins.
Preloading 0 native plugins for Editor in 0.00 ms.
Invoked RoslynAnalysisRunner static constructor.
RoslynAnalysisRunner will not be running.
RoslynAnalysisRunner has terminated.
Mono: successfully reloaded assembly
- Completed reload, in  1.949 seconds
Platform modules already initialized, skipping
Refreshing native plugins compatible for Editor in 1.71 ms, found 1 plugins.
Preloading 0 native plugins for Editor in 0.00 ms.
Unloading 1803 Unused Serialized files (Serialized files now loaded: 0)
System memory in use before: 87.8 MB.
System memory in use after: 87.8 MB.

Unloading 12 unused Assets to reduce memory usage. Loaded Objects now: 2302.
Total: 6.192000 ms (FindLiveObjects: 0.428800 ms CreateObjectMapping: 0.124300 ms MarkObjects: 5.265200 ms  DeleteObjects: 0.370600 ms)

========================================================================
Received Import Request.
  Time since last request: 259.985549 seconds.
  path: Assets/Scripts/Player.cs
  artifactKey: Guid(126e047a94064c44fa3607e9dd30a42d) Importer(815301076,1909f56bfc062723c751e8b465ee728b)
Start importing Assets/Scripts/Player.cs using Guid(126e047a94064c44fa3607e9dd30a42d) Importer(815301076,1909f56bfc062723c751e8b465ee728b)  -> (artifact id: 'd63b4dffe1f67cbd421ca7f92d71c67b') in 0.018495 seconds
  Import took 0.026897 seconds .

========================================================================
Received Prepare
Registering precompiled user dll's ...
Registered in 0.002208 seconds.
Begin MonoManager ReloadAssembly
Native extension for WindowsStandalone target not found
Native extension for WebGL target not found
Refreshing native plugins compatible for Editor in 1.27 ms, found 1 plugins.
Preloading 0 native plugins for Editor in 0.00 ms.
Invoked RoslynAnalysisRunner static constructor.
RoslynAnalysisRunner will not be running.
RoslynAnalysisRunner has terminated.
Mono: successfully reloaded assembly
- Completed reload, in  1.960 seconds
Platform modules already initialized, skipping
Refreshing native plugins compatible for Editor in 0.85 ms, found 1 plugins.
Preloading 0 native plugins for Editor in 0.00 ms.
Unloading 1803 Unused Serialized files (Serialized files now loaded: 0)
System memory in use before: 87.9 MB.
System memory in use after: 87.8 MB.

Unloading 12 unused Assets to reduce memory usage. Loaded Objects now: 2306.
Total: 5.799200 ms (FindLiveObjects: 0.472700 ms CreateObjectMapping: 0.068300 ms MarkObjects: 4.950500 ms  DeleteObjects: 0.304400 ms)

========================================================================
Received Prepare
Registering precompiled user dll's ...
Registered in 0.002357 seconds.
Begin MonoManager ReloadAssembly
Native extension for WindowsStandalone target not found
Native extension for WebGL target not found
Refreshing native plugins compatible for Editor in 0.93 ms, found 1 plugins.
Preloading 0 native plugins for Editor in 0.00 ms.
Invoked RoslynAnalysisRunner static constructor.
RoslynAnalysisRunner will not be running.
RoslynAnalysisRunner has terminated.
Mono: successfully reloaded assembly
- Completed reload, in  2.627 seconds
Platform modules already initialized, skipping
Refreshing native plugins compatible for Editor in 1.47 ms, found 1 plugins.
Preloading 0 native plugins for Editor in 0.00 ms.
Unloading 1803 Unused Serialized files (Serialized files now loaded: 0)
System memory in use before: 87.9 MB.
System memory in use after: 87.9 MB.

Unloading 12 unused Assets to reduce memory usage. Loaded Objects now: 2310.
Total: 3.488000 ms (FindLiveObjects: 0.298000 ms CreateObjectMapping: 0.098800 ms MarkObjects: 2.903200 ms  DeleteObjects: 0.185800 ms)

========================================================================
Received Prepare
Registering precompiled user dll's ...
Registered in 0.002433 seconds.
Begin MonoManager ReloadAssembly
Native extension for WindowsStandalone target not found
Native extension for WebGL target not found
Refreshing native plugins compatible for Editor in 0.73 ms, found 1 plugins.
Preloading 0 native plugins for Editor in 0.00 ms.
Invoked RoslynAnalysisRunner static constructor.
RoslynAnalysisRunner will not be running.
RoslynAnalysisRunner has terminated.
Mono: successfully reloaded assembly
- Completed reload, in  2.375 seconds
Platform modules already initialized, skipping
Refreshing native plugins compatible for Editor in 0.85 ms, found 1 plugins.
Preloading 0 native plugins for Editor in 0.00 ms.
Unloading 1803 Unused Serialized files (Serialized files now loaded: 0)
System memory in use before: 87.9 MB.
System memory in use after: 87.9 MB.

Unloading 12 unused Assets to reduce memory usage. Loaded Objects now: 2314.
Total: 5.435400 ms (FindLiveObjects: 0.469400 ms CreateObjectMapping: 0.109400 ms MarkObjects: 4.552500 ms  DeleteObjects: 0.301000 ms)

========================================================================
Received Prepare
Registering precompiled user dll's ...
Registered in 0.002101 seconds.
Begin MonoManager ReloadAssembly
Native extension for WindowsStandalone target not found
Native extension for WebGL target not found
Refreshing native plugins compatible for Editor in 1.14 ms, found 1 plugins.
Preloading 0 native plugins for Editor in 0.00 ms.
Invoked RoslynAnalysisRunner static constructor.
RoslynAnalysisRunner will not be running.
RoslynAnalysisRunner has terminated.
Mono: successfully reloaded assembly
- Completed reload, in  2.373 seconds
Platform modules already initialized, skipping
Refreshing native plugins compatible for Editor in 1.32 ms, found 1 plugins.
Preloading 0 native plugins for Editor in 0.00 ms.
Unloading 1803 Unused Serialized files (Serialized files now loaded: 0)
System memory in use before: 87.9 MB.
System memory in use after: 87.9 MB.

Unloading 12 unused Assets to reduce memory usage. Loaded Objects now: 2318.
Total: 6.395800 ms (FindLiveObjects: 0.776400 ms CreateObjectMapping: 0.397400 ms MarkObjects: 4.916700 ms  DeleteObjects: 0.301500 ms)

========================================================================
Received Prepare
Registering precompiled user dll's ...
Registered in 0.001995 seconds.
Begin MonoManager ReloadAssembly
Native extension for WindowsStandalone target not found
Native extension for WebGL target not found
Refreshing native plugins compatible for Editor in 0.86 ms, found 1 plugins.
Preloading 0 native plugins for Editor in 0.00 ms.
Invoked RoslynAnalysisRunner static constructor.
RoslynAnalysisRunner will not be running.
RoslynAnalysisRunner has terminated.
Mono: successfully reloaded assembly
- Completed reload, in  2.662 seconds
Platform modules already initialized, skipping
Refreshing native plugins compatible for Editor in 0.84 ms, found 1 plugins.
Preloading 0 native plugins for Editor in 0.00 ms.
Unloading 1803 Unused Serialized files (Serialized files now loaded: 0)
System memory in use before: 87.9 MB.
System memory in use after: 87.9 MB.

Unloading 12 unused Assets to reduce memory usage. Loaded Objects now: 2322.
Total: 6.484200 ms (FindLiveObjects: 0.530700 ms CreateObjectMapping: 0.120800 ms MarkObjects: 4.731200 ms  DeleteObjects: 1.098200 ms)

========================================================================
Received Import Request.
  Time since last request: 440.860897 seconds.
  path: Assets/Prefabs/energy.prefab
  artifactKey: Guid(ea3e252de632c5c4fbb6f040e81c3f29) Importer(815301076,1909f56bfc062723c751e8b465ee728b)
Start importing Assets/Prefabs/energy.prefab using Guid(ea3e252de632c5c4fbb6f040e81c3f29) Importer(815301076,1909f56bfc062723c751e8b465ee728b)  -> (artifact id: '96f6c3a1b36f8bb69aa4c771a9ebdd78') in 0.191213 seconds
  Import took 0.200845 seconds .

========================================================================
Received Prepare
Registering precompiled user dll's ...
Registered in 0.003739 seconds.
Begin MonoManager ReloadAssembly
Native extension for WindowsStandalone target not found
Native extension for WebGL target not found
Refreshing native plugins compatible for Editor in 0.79 ms, found 1 plugins.
Preloading 0 native plugins for Editor in 0.00 ms.
Invoked RoslynAnalysisRunner static constructor.
RoslynAnalysisRunner will not be running.
RoslynAnalysisRunner has terminated.
Mono: successfully reloaded assembly
- Completed reload, in  1.897 seconds
Platform modules already initialized, skipping
Refreshing native plugins compatible for Editor in 0.74 ms, found 1 plugins.
Preloading 0 native plugins for Editor in 0.00 ms.
Unloading 1803 Unused Serialized files (Serialized files now loaded: 0)
System memory in use before: 87.9 MB.
System memory in use after: 87.9 MB.

Unloading 12 unused Assets to reduce memory usage. Loaded Objects now: 2327.
Total: 4.402500 ms (FindLiveObjects: 0.461000 ms CreateObjectMapping: 0.128100 ms MarkObjects: 3.622200 ms  DeleteObjects: 0.188700 ms)

========================================================================
Received Prepare
Registering precompiled user dll's ...
Registered in 0.002120 seconds.
Begin MonoManager ReloadAssembly
Native extension for WindowsStandalone target not found
Native extension for WebGL target not found
Refreshing native plugins compatible for Editor in 0.75 ms, found 1 plugins.
Preloading 0 native plugins for Editor in 0.00 ms.
Invoked RoslynAnalysisRunner static constructor.
RoslynAnalysisRunner will not be running.
RoslynAnalysisRunner has terminated.
Mono: successfully reloaded assembly
- Completed reload, in  2.139 seconds
Platform modules already initialized, skipping
Refreshing native plugins compatible for Editor in 0.85 ms, found 1 plugins.
Preloading 0 native plugins for Editor in 0.00 ms.
Unloading 1803 Unused Serialized files (Serialized files now loaded: 0)
System memory in use before: 87.9 MB.
System memory in use after: 87.9 MB.

Unloading 12 unused Assets to reduce memory usage. Loaded Objects now: 2331.
Total: 5.542200 ms (FindLiveObjects: 0.474100 ms CreateObjectMapping: 0.122400 ms MarkObjects: 4.645600 ms  DeleteObjects: 0.297100 ms)

========================================================================
Received Import Request.
  Time since last request: 933.383003 seconds.
  path: Assets/Sounds
  artifactKey: Guid(bdc40701eee126a46afcd374fbbfa376) Importer(815301076,1909f56bfc062723c751e8b465ee728b)
Start importing Assets/Sounds using Guid(bdc40701eee126a46afcd374fbbfa376) Importer(815301076,1909f56bfc062723c751e8b465ee728b)  -> (artifact id: 'd732550dbe7c03ca874b402b0fd0af10') in 0.039739 seconds
  Import took 0.050708 seconds .

========================================================================
Received Import Request.
  Time since last request: 0.023547 seconds.
  path: Assets/Sounds/BGM.mp3
  artifactKey: Guid(e9e9ffc3bf028b84d8acf2676187b56f) Importer(815301076,1909f56bfc062723c751e8b465ee728b)
Start importing Assets/Sounds/BGM.mp3 using Guid(e9e9ffc3bf028b84d8acf2676187b56f) Importer(815301076,1909f56bfc062723c751e8b465ee728b)  -> (artifact id: '2b3156fe4b5d9935646c96e8c3015df6') in 0.636011 seconds
  Import took 0.644103 seconds .

========================================================================
Received Import Request.
  Time since last request: 0.000577 seconds.
  path: Assets/Sounds/SFX_2.wav
  artifactKey: Guid(3be4568647a58dc44a8bf8d2ce0ac81e) Importer(815301076,1909f56bfc062723c751e8b465ee728b)
Start importing Assets/Sounds/SFX_2.wav using Guid(3be4568647a58dc44a8bf8d2ce0ac81e) Importer(815301076,1909f56bfc062723c751e8b465ee728b)  -> (artifact id: '124e455dfe1f2282222b36dc73c9cdd7') in 0.078348 seconds
  Import took 0.087027 seconds .

========================================================================
Received Import Request.
  Time since last request: 0.000499 seconds.
  path: Assets/Sounds/SFX_1.mp3
  artifactKey: Guid(f7b707eff93db674b95516290c90766f) Importer(815301076,1909f56bfc062723c751e8b465ee728b)
Start importing Assets/Sounds/SFX_1.mp3 using Guid(f7b707eff93db674b95516290c90766f) Importer(815301076,1909f56bfc062723c751e8b465ee728b)  -> (artifact id: 'de17d241a8a29b310c05584994c95183') in 0.056243 seconds
  Import took 0.063786 seconds .

========================================================================
Received Import Request.
  Time since last request: 285.856661 seconds.
  path: Assets/Scripts/AudioController.cs
  artifactKey: Guid(e296176e4e8243e45af7ce2b8255bca3) Importer(815301076,1909f56bfc062723c751e8b465ee728b)
Start importing Assets/Scripts/AudioController.cs using Guid(e296176e4e8243e45af7ce2b8255bca3) Importer(815301076,1909f56bfc062723c751e8b465ee728b)  -> (artifact id: '5b7af0ac1e696f0fe321a23c08490b70') in 0.027512 seconds
  Import took 0.039007 seconds .

========================================================================
Received Prepare
Registering precompiled user dll's ...
Registered in 0.003329 seconds.
Begin MonoManager ReloadAssembly
Native extension for WindowsStandalone target not found
Native extension for WebGL target not found
Refreshing native plugins compatible for Editor in 0.95 ms, found 1 plugins.
Preloading 0 native plugins for Editor in 0.00 ms.
Invoked RoslynAnalysisRunner static constructor.
RoslynAnalysisRunner will not be running.
RoslynAnalysisRunner has terminated.
Mono: successfully reloaded assembly
- Completed reload, in  2.324 seconds
Platform modules already initialized, skipping
Refreshing native plugins compatible for Editor in 0.86 ms, found 1 plugins.
Preloading 0 native plugins for Editor in 0.00 ms.
Unloading 1804 Unused Serialized files (Serialized files now loaded: 0)
System memory in use before: 88.0 MB.
System memory in use after: 88.0 MB.

Unloading 12 unused Assets to reduce memory usage. Loaded Objects now: 2339.
Total: 5.995000 ms (FindLiveObjects: 0.493900 ms CreateObjectMapping: 0.124500 ms MarkObjects: 5.078500 ms  DeleteObjects: 0.295800 ms)

========================================================================
Received Prepare
Registering precompiled user dll's ...
Registered in 0.002884 seconds.
Begin MonoManager ReloadAssembly
Native extension for WindowsStandalone target not found
Native extension for WebGL target not found
Refreshing native plugins compatible for Editor in 0.65 ms, found 1 plugins.
Preloading 0 native plugins for Editor in 0.00 ms.
Invoked RoslynAnalysisRunner static constructor.
RoslynAnalysisRunner will not be running.
RoslynAnalysisRunner has terminated.
Mono: successfully reloaded assembly
- Completed reload, in  1.484 seconds
Platform modules already initialized, skipping
Refreshing native plugins compatible for Editor in 0.55 ms, found 1 plugins.
Preloading 0 native plugins for Editor in 0.00 ms.
Unloading 1804 Unused Serialized files (Serialized files now loaded: 0)
System memory in use before: 88.0 MB.
System memory in use after: 88.0 MB.

Unloading 12 unused Assets to reduce memory usage. Loaded Objects now: 2343.
Total: 5.007400 ms (FindLiveObjects: 0.444600 ms CreateObjectMapping: 0.126500 ms MarkObjects: 4.238900 ms  DeleteObjects: 0.194100 ms)

========================================================================
Received Import Request.
  Time since last request: 464.260340 seconds.
  path: Assets/Scripts/AudioController.cs
  artifactKey: Guid(e296176e4e8243e45af7ce2b8255bca3) Importer(815301076,1909f56bfc062723c751e8b465ee728b)
Start importing Assets/Scripts/AudioController.cs using Guid(e296176e4e8243e45af7ce2b8255bca3) Importer(815301076,1909f56bfc062723c751e8b465ee728b)  -> (artifact id: 'eddad69b50fc1da1d0f188362ca3c577') in 0.020500 seconds
  Import took 0.026347 seconds .

AssetImportWorkerClient::OnTransportError - code=2 error=End of file
