Using pre-set license
Built from '2020.3/staging' branch; Version is '2020.3.0f1 (c7b5465681fb) revision 13088070'; Using compiler version '192528614'; Build Type 'Release'
OS: 'Windows 10 Home Single Language; OS build 18363.1440; Version 1909; 64bit' Language: 'pt' Physical Memory: 10178 MB
BatchMode: 1, IsHumanControllingUs: 0, StartBugReporterOnCrash: 0, Is64bit: 1, IsPro: 0

 COMMAND LINE ARGUMENTS:
C:\Program Files\Unity\Hub\Editor\2020.3.0f1\Editor\Unity.exe
-adb2
-batchMode
-noUpm
-name
AssetImportWorker0
-projectPath
C:/Users/baldu/UnityExercises/Learning easy 2D animations
-logFile
Logs/AssetImportWorker0.log
-srvPort
49646
Successfully changed project path to: C:/Users/baldu/UnityExercises/Learning easy 2D animations
C:/Users/baldu/UnityExercises/Learning easy 2D animations
Using Asset Import Pipeline V2.
Refreshing native plugins compatible for Editor in 72.72 ms, found 1 plugins.
Preloading 0 native plugins for Editor in 0.00 ms.
Initialize engine version: 2020.3.0f1 (c7b5465681fb)
[Subsystems] Discovering subsystems at path C:/Program Files/Unity/Hub/Editor/2020.3.0f1/Editor/Data/Resources/UnitySubsystems
[Subsystems] Discovering subsystems at path C:/Users/baldu/UnityExercises/Learning easy 2D animations/Assets
GfxDevice: creating device client; threaded=0
Direct3D:
    Version:  Direct3D 11.0 [level 11.1]
    Renderer: AMD Radeon(TM) Vega 8 Graphics (ID=0x15d8)
    Vendor:   
    VRAM:     5089 MB
    Driver:   26.20.11028.1002
Initialize mono
Mono path[0] = 'C:/Program Files/Unity/Hub/Editor/2020.3.0f1/Editor/Data/Managed'
Mono path[1] = 'C:/Program Files/Unity/Hub/Editor/2020.3.0f1/Editor/Data/MonoBleedingEdge/lib/mono/unityjit'
Mono config path = 'C:/Program Files/Unity/Hub/Editor/2020.3.0f1/Editor/Data/MonoBleedingEdge/etc'
Using monoOptions --debugger-agent=transport=dt_socket,embedding=1,server=y,suspend=n,address=127.0.0.1:56372
Begin MonoManager ReloadAssembly
Registering precompiled unity dll's ...
Register platform support module: C:/Program Files/Unity/Hub/Editor/2020.3.0f1/Editor/Data/PlaybackEngines/WebGLSupport/UnityEditor.WebGL.Extensions.dll
Register platform support module: C:/Program Files/Unity/Hub/Editor/2020.3.0f1/Editor/Data/PlaybackEngines/WindowsStandaloneSupport/UnityEditor.WindowsStandalone.Extensions.dll
Registered in 0.007602 seconds.
Native extension for WindowsStandalone target not found
Native extension for WebGL target not found
Refreshing native plugins compatible for Editor in 46.37 ms, found 1 plugins.
Preloading 0 native plugins for Editor in 0.00 ms.
Invoked RoslynAnalysisRunner static constructor.
RoslynAnalysisRunner will not be running.
RoslynAnalysisRunner has terminated.
Mono: successfully reloaded assembly
- Completed reload, in  4.574 seconds
Platform modules already initialized, skipping
Registering precompiled user dll's ...
Registered in 0.001943 seconds.
Begin MonoManager ReloadAssembly
Native extension for WindowsStandalone target not found
Native extension for WebGL target not found
Refreshing native plugins compatible for Editor in 46.96 ms, found 1 plugins.
Preloading 0 native plugins for Editor in 0.00 ms.
Invoked RoslynAnalysisRunner static constructor.
RoslynAnalysisRunner will not be running.
RoslynAnalysisRunner has terminated.
Mono: successfully reloaded assembly
- Completed reload, in  1.864 seconds
Platform modules already initialized, skipping
========================================================================
Worker process is ready to serve import requests
Launched and connected shader compiler UnityShaderCompiler.exe after 0.12 seconds
Refreshing native plugins compatible for Editor in 0.98 ms, found 1 plugins.
Preloading 0 native plugins for Editor in 0.00 ms.
Unloading 1808 Unused Serialized files (Serialized files now loaded: 0)
System memory in use before: 84.6 MB.
System memory in use after: 84.6 MB.

Unloading 24 unused Assets to reduce memory usage. Loaded Objects now: 2250.
Total: 5.763500 ms (FindLiveObjects: 0.970700 ms CreateObjectMapping: 0.352900 ms MarkObjects: 4.119600 ms  DeleteObjects: 0.315800 ms)

========================================================================
Received Import Request.
  path: Assets/Anim/Sprites/arcade_platformerV2.png
  artifactKey: Guid(2db74b44e1cd6b842afbf8fda677233e) Importer(815301076,1909f56bfc062723c751e8b465ee728b)
Start importing Assets/Anim/Sprites/arcade_platformerV2.png using Guid(2db74b44e1cd6b842afbf8fda677233e) Importer(815301076,1909f56bfc062723c751e8b465ee728b)  -> (artifact id: 'bd11097cfdadda6c9430e4553b1a39ec') in 0.275579 seconds
  Import took 0.283149 seconds .

========================================================================
Received Import Request.
  Time since last request: 238.914823 seconds.
  path: Assets/Anim/Sprites/fireball2dsprite.png
  artifactKey: Guid(784a89836ae5bfa40ad73541e677cb18) Importer(815301076,1909f56bfc062723c751e8b465ee728b)
Start importing Assets/Anim/Sprites/fireball2dsprite.png using Guid(784a89836ae5bfa40ad73541e677cb18) Importer(815301076,1909f56bfc062723c751e8b465ee728b)  -> (artifact id: 'ac6ebc640efc22c70b82647d09ba10e2') in 0.158110 seconds
  Import took 0.167633 seconds .

========================================================================
Received Import Request.
  Time since last request: 16.819154 seconds.
  path: Assets/Prefabs
  artifactKey: Guid(ed62743d026273d4f98c43a018f8ae44) Importer(815301076,1909f56bfc062723c751e8b465ee728b)
Start importing Assets/Prefabs using Guid(ed62743d026273d4f98c43a018f8ae44) Importer(815301076,1909f56bfc062723c751e8b465ee728b)  -> (artifact id: 'ac57bb651f6478f8036ddd20961f8183') in 0.025131 seconds
  Import took 0.033279 seconds .

========================================================================
Received Import Request.
  Time since last request: 94.366770 seconds.
  path: Assets/Prefabs/fireball2dsprite.prefab
  artifactKey: Guid(8da3e76ecc2afdf46aaeaba1576e2827) Importer(815301076,1909f56bfc062723c751e8b465ee728b)
Start importing Assets/Prefabs/fireball2dsprite.prefab using Guid(8da3e76ecc2afdf46aaeaba1576e2827) Importer(815301076,1909f56bfc062723c751e8b465ee728b)  -> (artifact id: 'cd68674411670936f9ea3e6a979a6425') in 0.241951 seconds
  Import took 0.249858 seconds .

========================================================================
Received Import Request.
  Time since last request: 0.016182 seconds.
  path: Assets/Prefabs/fireball2dsprite.prefab
  artifactKey: Guid(8da3e76ecc2afdf46aaeaba1576e2827) Importer(815301076,1909f56bfc062723c751e8b465ee728b)
Start importing Assets/Prefabs/fireball2dsprite.prefab using Guid(8da3e76ecc2afdf46aaeaba1576e2827) Importer(815301076,1909f56bfc062723c751e8b465ee728b)  -> (artifact id: 'cd68674411670936f9ea3e6a979a6425') in 0.031535 seconds
  Import took 0.038949 seconds .

========================================================================
Received Prepare
Registering precompiled user dll's ...
Registered in 0.003068 seconds.
Begin MonoManager ReloadAssembly
Native extension for WindowsStandalone target not found
Native extension for WebGL target not found
Refreshing native plugins compatible for Editor in 0.83 ms, found 1 plugins.
Preloading 0 native plugins for Editor in 0.00 ms.
Invoked RoslynAnalysisRunner static constructor.
RoslynAnalysisRunner will not be running.
RoslynAnalysisRunner has terminated.
Mono: successfully reloaded assembly
- Completed reload, in  2.120 seconds
Platform modules already initialized, skipping
Refreshing native plugins compatible for Editor in 0.80 ms, found 1 plugins.
Preloading 0 native plugins for Editor in 0.00 ms.
Unloading 1803 Unused Serialized files (Serialized files now loaded: 0)
System memory in use before: 87.7 MB.
System memory in use after: 87.7 MB.

Unloading 12 unused Assets to reduce memory usage. Loaded Objects now: 2265.
Total: 6.306500 ms (FindLiveObjects: 0.461800 ms CreateObjectMapping: 0.146400 ms MarkObjects: 5.428200 ms  DeleteObjects: 0.266800 ms)

========================================================================
Received Prepare
Registering precompiled user dll's ...
Registered in 0.003866 seconds.
Begin MonoManager ReloadAssembly
Native extension for WindowsStandalone target not found
Native extension for WebGL target not found
Refreshing native plugins compatible for Editor in 0.95 ms, found 1 plugins.
Preloading 0 native plugins for Editor in 0.00 ms.
Invoked RoslynAnalysisRunner static constructor.
RoslynAnalysisRunner will not be running.
RoslynAnalysisRunner has terminated.
Mono: successfully reloaded assembly
- Completed reload, in  1.965 seconds
Platform modules already initialized, skipping
Refreshing native plugins compatible for Editor in 0.80 ms, found 1 plugins.
Preloading 0 native plugins for Editor in 0.00 ms.
Unloading 1803 Unused Serialized files (Serialized files now loaded: 0)
System memory in use before: 87.7 MB.
System memory in use after: 87.7 MB.

Unloading 12 unused Assets to reduce memory usage. Loaded Objects now: 2269.
Total: 5.453700 ms (FindLiveObjects: 0.486800 ms CreateObjectMapping: 0.113100 ms MarkObjects: 4.558100 ms  DeleteObjects: 0.293100 ms)

========================================================================
Received Import Request.
  Time since last request: 280.762196 seconds.
  path: Assets/Prefabs/fireball2dsprite.prefab
  artifactKey: Guid(8da3e76ecc2afdf46aaeaba1576e2827) Importer(815301076,1909f56bfc062723c751e8b465ee728b)
Start importing Assets/Prefabs/fireball2dsprite.prefab using Guid(8da3e76ecc2afdf46aaeaba1576e2827) Importer(815301076,1909f56bfc062723c751e8b465ee728b)  -> (artifact id: 'a601d8c7e3f2b445be2f052788ec5be7') in 0.148859 seconds
  Import took 0.157487 seconds .

========================================================================
Received Import Request.
  Time since last request: 7.721808 seconds.
  path: Assets/Prefabs/fireball2dsprite.prefab
  artifactKey: Guid(8da3e76ecc2afdf46aaeaba1576e2827) Importer(815301076,1909f56bfc062723c751e8b465ee728b)
Start importing Assets/Prefabs/fireball2dsprite.prefab using Guid(8da3e76ecc2afdf46aaeaba1576e2827) Importer(815301076,1909f56bfc062723c751e8b465ee728b)  -> (artifact id: '363133059699dc9f0a74d9497166c953') in 0.035884 seconds
  Import took 0.045923 seconds .

========================================================================
Received Import Request.
  Time since last request: 0.035015 seconds.
  path: Assets/Prefabs/fireball2dsprite.prefab
  artifactKey: Guid(8da3e76ecc2afdf46aaeaba1576e2827) Importer(815301076,1909f56bfc062723c751e8b465ee728b)
Start importing Assets/Prefabs/fireball2dsprite.prefab using Guid(8da3e76ecc2afdf46aaeaba1576e2827) Importer(815301076,1909f56bfc062723c751e8b465ee728b)  -> (artifact id: '363133059699dc9f0a74d9497166c953') in 0.031413 seconds
  Import took 0.039021 seconds .

========================================================================
Received Import Request.
  Time since last request: 68.686489 seconds.
  path: Assets/Prefabs/fireball2dsprite.prefab
  artifactKey: Guid(8da3e76ecc2afdf46aaeaba1576e2827) Importer(815301076,1909f56bfc062723c751e8b465ee728b)
Start importing Assets/Prefabs/fireball2dsprite.prefab using Guid(8da3e76ecc2afdf46aaeaba1576e2827) Importer(815301076,1909f56bfc062723c751e8b465ee728b)  -> (artifact id: '105d31a1f09fbd4941c762738e4ec6f2') in 0.032500 seconds
  Import took 0.040218 seconds .

========================================================================
Received Import Request.
  Time since last request: 0.008816 seconds.
  path: Assets/Prefabs/fireball2dsprite.prefab
  artifactKey: Guid(8da3e76ecc2afdf46aaeaba1576e2827) Importer(815301076,1909f56bfc062723c751e8b465ee728b)
Start importing Assets/Prefabs/fireball2dsprite.prefab using Guid(8da3e76ecc2afdf46aaeaba1576e2827) Importer(815301076,1909f56bfc062723c751e8b465ee728b)  -> (artifact id: '105d31a1f09fbd4941c762738e4ec6f2') in 0.032381 seconds
  Import took 0.041089 seconds .

========================================================================
Received Prepare
Registering precompiled user dll's ...
Registered in 0.002069 seconds.
Begin MonoManager ReloadAssembly
Native extension for WindowsStandalone target not found
Native extension for WebGL target not found
Refreshing native plugins compatible for Editor in 1.06 ms, found 1 plugins.
Preloading 0 native plugins for Editor in 0.00 ms.
Invoked RoslynAnalysisRunner static constructor.
RoslynAnalysisRunner will not be running.
RoslynAnalysisRunner has terminated.
Mono: successfully reloaded assembly
- Completed reload, in  1.921 seconds
Platform modules already initialized, skipping
Refreshing native plugins compatible for Editor in 0.99 ms, found 1 plugins.
Preloading 0 native plugins for Editor in 0.00 ms.
Unloading 1803 Unused Serialized files (Serialized files now loaded: 0)
System memory in use before: 87.7 MB.
System memory in use after: 87.7 MB.

Unloading 12 unused Assets to reduce memory usage. Loaded Objects now: 2274.
Total: 5.514400 ms (FindLiveObjects: 0.436800 ms CreateObjectMapping: 0.111200 ms MarkObjects: 4.652400 ms  DeleteObjects: 0.310700 ms)

========================================================================
Received Prepare
Registering precompiled user dll's ...
Registered in 0.002312 seconds.
Begin MonoManager ReloadAssembly
Native extension for WindowsStandalone target not found
Native extension for WebGL target not found
Refreshing native plugins compatible for Editor in 0.84 ms, found 1 plugins.
Preloading 0 native plugins for Editor in 0.00 ms.
Invoked RoslynAnalysisRunner static constructor.
RoslynAnalysisRunner will not be running.
RoslynAnalysisRunner has terminated.
Mono: successfully reloaded assembly
- Completed reload, in  2.010 seconds
Platform modules already initialized, skipping
Refreshing native plugins compatible for Editor in 0.86 ms, found 1 plugins.
Preloading 0 native plugins for Editor in 0.00 ms.
Unloading 1803 Unused Serialized files (Serialized files now loaded: 0)
System memory in use before: 87.8 MB.
System memory in use after: 87.8 MB.

Unloading 12 unused Assets to reduce memory usage. Loaded Objects now: 2278.
Total: 5.428100 ms (FindLiveObjects: 0.468900 ms CreateObjectMapping: 0.123200 ms MarkObjects: 4.527000 ms  DeleteObjects: 0.306300 ms)

========================================================================
Received Prepare
Registering precompiled user dll's ...
Registered in 0.003318 seconds.
Begin MonoManager ReloadAssembly
Native extension for WindowsStandalone target not found
Native extension for WebGL target not found
Refreshing native plugins compatible for Editor in 0.87 ms, found 1 plugins.
Preloading 0 native plugins for Editor in 0.00 ms.
Invoked RoslynAnalysisRunner static constructor.
RoslynAnalysisRunner will not be running.
RoslynAnalysisRunner has terminated.
Mono: successfully reloaded assembly
- Completed reload, in  2.502 seconds
Platform modules already initialized, skipping
Refreshing native plugins compatible for Editor in 0.82 ms, found 1 plugins.
Preloading 0 native plugins for Editor in 0.00 ms.
Unloading 1803 Unused Serialized files (Serialized files now loaded: 0)
System memory in use before: 87.8 MB.
System memory in use after: 87.8 MB.

Unloading 12 unused Assets to reduce memory usage. Loaded Objects now: 2282.
Total: 5.377500 ms (FindLiveObjects: 0.475000 ms CreateObjectMapping: 0.110300 ms MarkObjects: 4.482000 ms  DeleteObjects: 0.307600 ms)

========================================================================
Received Prepare
Registering precompiled user dll's ...
Registered in 0.002795 seconds.
Begin MonoManager ReloadAssembly
Native extension for WindowsStandalone target not found
Native extension for WebGL target not found
Refreshing native plugins compatible for Editor in 0.88 ms, found 1 plugins.
Preloading 0 native plugins for Editor in 0.00 ms.
Invoked RoslynAnalysisRunner static constructor.
RoslynAnalysisRunner will not be running.
RoslynAnalysisRunner has terminated.
Mono: successfully reloaded assembly
- Completed reload, in  2.073 seconds
Platform modules already initialized, skipping
Refreshing native plugins compatible for Editor in 0.75 ms, found 1 plugins.
Preloading 0 native plugins for Editor in 0.00 ms.
Unloading 1803 Unused Serialized files (Serialized files now loaded: 0)
System memory in use before: 87.8 MB.
System memory in use after: 87.8 MB.

Unloading 12 unused Assets to reduce memory usage. Loaded Objects now: 2286.
Total: 5.842500 ms (FindLiveObjects: 0.452600 ms CreateObjectMapping: 0.116100 ms MarkObjects: 4.940500 ms  DeleteObjects: 0.329700 ms)

========================================================================
Received Prepare
Registering precompiled user dll's ...
Registered in 0.002721 seconds.
Begin MonoManager ReloadAssembly
Native extension for WindowsStandalone target not found
Native extension for WebGL target not found
Refreshing native plugins compatible for Editor in 0.94 ms, found 1 plugins.
Preloading 0 native plugins for Editor in 0.00 ms.
Invoked RoslynAnalysisRunner static constructor.
RoslynAnalysisRunner will not be running.
RoslynAnalysisRunner has terminated.
Mono: successfully reloaded assembly
- Completed reload, in  2.565 seconds
Platform modules already initialized, skipping
Refreshing native plugins compatible for Editor in 0.84 ms, found 1 plugins.
Preloading 0 native plugins for Editor in 0.00 ms.
Unloading 1803 Unused Serialized files (Serialized files now loaded: 0)
System memory in use before: 87.8 MB.
System memory in use after: 87.8 MB.

Unloading 12 unused Assets to reduce memory usage. Loaded Objects now: 2290.
Total: 5.389700 ms (FindLiveObjects: 0.449300 ms CreateObjectMapping: 0.113500 ms MarkObjects: 4.525600 ms  DeleteObjects: 0.298200 ms)

========================================================================
Received Import Request.
  Time since last request: 1723.259076 seconds.
  path: ProjectSettings/TagManager.asset
  artifactKey: Guid(00000000000000003000000000000000) Importer(815301076,1909f56bfc062723c751e8b465ee728b)
Start importing ProjectSettings/TagManager.asset using Guid(00000000000000003000000000000000) Importer(815301076,1909f56bfc062723c751e8b465ee728b)  -> (artifact id: '779d5949113fa91bb85f64f090860d93') in 0.065397 seconds
  Import took 0.076409 seconds .

========================================================================
Received Prepare
Registering precompiled user dll's ...
Registered in 0.002309 seconds.
Begin MonoManager ReloadAssembly
Native extension for WindowsStandalone target not found
Native extension for WebGL target not found
Refreshing native plugins compatible for Editor in 0.91 ms, found 1 plugins.
Preloading 0 native plugins for Editor in 0.00 ms.
Invoked RoslynAnalysisRunner static constructor.
RoslynAnalysisRunner will not be running.
RoslynAnalysisRunner has terminated.
Mono: successfully reloaded assembly
- Completed reload, in  2.662 seconds
Platform modules already initialized, skipping
Refreshing native plugins compatible for Editor in 0.81 ms, found 1 plugins.
Preloading 0 native plugins for Editor in 0.00 ms.
Unloading 1803 Unused Serialized files (Serialized files now loaded: 0)
System memory in use before: 87.8 MB.
System memory in use after: 87.8 MB.

Unloading 13 unused Assets to reduce memory usage. Loaded Objects now: 2294.
Total: 5.533900 ms (FindLiveObjects: 0.504700 ms CreateObjectMapping: 0.112800 ms MarkObjects: 4.603500 ms  DeleteObjects: 0.309600 ms)

========================================================================
Received Prepare
Registering precompiled user dll's ...
Registered in 0.001434 seconds.
Begin MonoManager ReloadAssembly
Native extension for WindowsStandalone target not found
Native extension for WebGL target not found
Refreshing native plugins compatible for Editor in 0.78 ms, found 1 plugins.
Preloading 0 native plugins for Editor in 0.00 ms.
Invoked RoslynAnalysisRunner static constructor.
RoslynAnalysisRunner will not be running.
RoslynAnalysisRunner has terminated.
Mono: successfully reloaded assembly
- Completed reload, in  2.394 seconds
Platform modules already initialized, skipping
Refreshing native plugins compatible for Editor in 0.44 ms, found 1 plugins.
Preloading 0 native plugins for Editor in 0.00 ms.
Unloading 1803 Unused Serialized files (Serialized files now loaded: 0)
System memory in use before: 87.8 MB.
System memory in use after: 87.8 MB.

Unloading 12 unused Assets to reduce memory usage. Loaded Objects now: 2298.
Total: 4.712700 ms (FindLiveObjects: 0.384400 ms CreateObjectMapping: 0.150200 ms MarkObjects: 3.893900 ms  DeleteObjects: 0.280700 ms)

========================================================================
Received Import Request.
  Time since last request: 183.865094 seconds.
  path: Assets/Animations/Player_Jump.anim
  artifactKey: Guid(a298bbe1da7b731459c0ee00cff79f74) Importer(815301076,1909f56bfc062723c751e8b465ee728b)
Start importing Assets/Animations/Player_Jump.anim using Guid(a298bbe1da7b731459c0ee00cff79f74) Importer(815301076,1909f56bfc062723c751e8b465ee728b)  -> (artifact id: '876ee6077df617b50c035f3ca713d6df') in 0.063985 seconds
  Import took 0.075188 seconds .

========================================================================
Received Import Request.
  Time since last request: 0.156383 seconds.
  path: Assets/Animations/Player_Jump.anim
  artifactKey: Guid(a298bbe1da7b731459c0ee00cff79f74) Importer(815301076,1909f56bfc062723c751e8b465ee728b)
Start importing Assets/Animations/Player_Jump.anim using Guid(a298bbe1da7b731459c0ee00cff79f74) Importer(815301076,1909f56bfc062723c751e8b465ee728b)  -> (artifact id: '876ee6077df617b50c035f3ca713d6df') in 0.014599 seconds
  Import took 0.025951 seconds .

========================================================================
Received Prepare
Registering precompiled user dll's ...
Registered in 0.003303 seconds.
Begin MonoManager ReloadAssembly
Native extension for WindowsStandalone target not found
Native extension for WebGL target not found
Refreshing native plugins compatible for Editor in 1.05 ms, found 1 plugins.
Preloading 0 native plugins for Editor in 0.00 ms.
Invoked RoslynAnalysisRunner static constructor.
RoslynAnalysisRunner will not be running.
RoslynAnalysisRunner has terminated.
Mono: successfully reloaded assembly
- Completed reload, in  2.477 seconds
Platform modules already initialized, skipping
Refreshing native plugins compatible for Editor in 0.81 ms, found 1 plugins.
Preloading 0 native plugins for Editor in 0.00 ms.
Unloading 1803 Unused Serialized files (Serialized files now loaded: 0)
System memory in use before: 87.8 MB.
System memory in use after: 87.8 MB.

Unloading 12 unused Assets to reduce memory usage. Loaded Objects now: 2302.
Total: 5.614000 ms (FindLiveObjects: 0.521700 ms CreateObjectMapping: 0.126000 ms MarkObjects: 4.655000 ms  DeleteObjects: 0.308200 ms)

========================================================================
Received Import Request.
  Time since last request: 267.971209 seconds.
  path: Assets/Animations/Player_Walk (1).controller
  artifactKey: Guid(005750594d4d92a40975c7125180f9c3) Importer(815301076,1909f56bfc062723c751e8b465ee728b)
Start importing Assets/Animations/Player_Walk (1).controller using Guid(005750594d4d92a40975c7125180f9c3) Importer(815301076,1909f56bfc062723c751e8b465ee728b)  -> (artifact id: 'c1f35434da5a0b3bd960e15e5aee6399') in 0.079902 seconds
  Import took 0.088176 seconds .

========================================================================
Received Import Request.
  Time since last request: 0.005629 seconds.
  path: Assets/Animations/Player_Walk (1).controller
  artifactKey: Guid(005750594d4d92a40975c7125180f9c3) Importer(815301076,1909f56bfc062723c751e8b465ee728b)
Start importing Assets/Animations/Player_Walk (1).controller using Guid(005750594d4d92a40975c7125180f9c3) Importer(815301076,1909f56bfc062723c751e8b465ee728b)  -> (artifact id: 'c1f35434da5a0b3bd960e15e5aee6399') in 0.018498 seconds
  Import took 0.025324 seconds .

========================================================================
Received Prepare
Registering precompiled user dll's ...
Registered in 0.003899 seconds.
Begin MonoManager ReloadAssembly
Native extension for WindowsStandalone target not found
Native extension for WebGL target not found
Refreshing native plugins compatible for Editor in 0.72 ms, found 1 plugins.
Preloading 0 native plugins for Editor in 0.00 ms.
Invoked RoslynAnalysisRunner static constructor.
RoslynAnalysisRunner will not be running.
RoslynAnalysisRunner has terminated.
Mono: successfully reloaded assembly
- Completed reload, in  2.609 seconds
Platform modules already initialized, skipping
Refreshing native plugins compatible for Editor in 0.72 ms, found 1 plugins.
Preloading 0 native plugins for Editor in 0.00 ms.
Unloading 1803 Unused Serialized files (Serialized files now loaded: 0)
System memory in use before: 87.9 MB.
System memory in use after: 87.9 MB.

Unloading 12 unused Assets to reduce memory usage. Loaded Objects now: 2306.
Total: 6.348600 ms (FindLiveObjects: 0.489100 ms CreateObjectMapping: 0.110200 ms MarkObjects: 5.313300 ms  DeleteObjects: 0.431700 ms)

========================================================================
Received Prepare
Registering precompiled user dll's ...
Registered in 0.002533 seconds.
Begin MonoManager ReloadAssembly
Native extension for WindowsStandalone target not found
Native extension for WebGL target not found
Refreshing native plugins compatible for Editor in 0.80 ms, found 1 plugins.
Preloading 0 native plugins for Editor in 0.00 ms.
Invoked RoslynAnalysisRunner static constructor.
RoslynAnalysisRunner will not be running.
RoslynAnalysisRunner has terminated.
Mono: successfully reloaded assembly
- Completed reload, in  1.992 seconds
Platform modules already initialized, skipping
Refreshing native plugins compatible for Editor in 0.83 ms, found 1 plugins.
Preloading 0 native plugins for Editor in 0.00 ms.
Unloading 1803 Unused Serialized files (Serialized files now loaded: 0)
System memory in use before: 87.9 MB.
System memory in use after: 87.9 MB.

Unloading 12 unused Assets to reduce memory usage. Loaded Objects now: 2310.
Total: 5.309300 ms (FindLiveObjects: 0.473600 ms CreateObjectMapping: 0.117900 ms MarkObjects: 4.402300 ms  DeleteObjects: 0.313100 ms)

========================================================================
Received Prepare
Registering precompiled user dll's ...
Registered in 0.002926 seconds.
Begin MonoManager ReloadAssembly
Native extension for WindowsStandalone target not found
Native extension for WebGL target not found
Refreshing native plugins compatible for Editor in 0.70 ms, found 1 plugins.
Preloading 0 native plugins for Editor in 0.00 ms.
Invoked RoslynAnalysisRunner static constructor.
RoslynAnalysisRunner will not be running.
RoslynAnalysisRunner has terminated.
Mono: successfully reloaded assembly
- Completed reload, in  2.279 seconds
Platform modules already initialized, skipping
Refreshing native plugins compatible for Editor in 1.05 ms, found 1 plugins.
Preloading 0 native plugins for Editor in 0.00 ms.
Unloading 1803 Unused Serialized files (Serialized files now loaded: 0)
System memory in use before: 87.9 MB.
System memory in use after: 87.9 MB.

Unloading 12 unused Assets to reduce memory usage. Loaded Objects now: 2314.
Total: 5.028100 ms (FindLiveObjects: 0.482900 ms CreateObjectMapping: 0.098700 ms MarkObjects: 4.156700 ms  DeleteObjects: 0.285600 ms)

========================================================================
Received Import Request.
  Time since last request: 351.209689 seconds.
  path: Assets/Anim/Sprites/Outros
  artifactKey: Guid(e3ad5c31a68fdb344a07eae8c80f6889) Importer(815301076,1909f56bfc062723c751e8b465ee728b)
Start importing Assets/Anim/Sprites/Outros using Guid(e3ad5c31a68fdb344a07eae8c80f6889) Importer(815301076,1909f56bfc062723c751e8b465ee728b)  -> (artifact id: 'a5a026635f6d5b4b3dd4c83816dff127') in 0.062151 seconds
  Import took 0.071389 seconds .

========================================================================
Received Import Request.
  Time since last request: 0.618893 seconds.
  path: Assets/Anim/Sprites/Outros/bullet.png
  artifactKey: Guid(f7b43b8895a18014c84533f96dfd46ed) Importer(815301076,1909f56bfc062723c751e8b465ee728b)
Start importing Assets/Anim/Sprites/Outros/bullet.png using Guid(f7b43b8895a18014c84533f96dfd46ed) Importer(815301076,1909f56bfc062723c751e8b465ee728b)  -> (artifact id: 'bfc652ad163b09f2a02e293c36d08cbc') in 0.248046 seconds
  Import took 0.256402 seconds .

========================================================================
Received Import Request.
  Time since last request: 0.000493 seconds.
  path: Assets/Anim/Sprites/Outros/energy.png
  artifactKey: Guid(b8d32e07f11e14b43aaddcc70de6cfaf) Importer(815301076,1909f56bfc062723c751e8b465ee728b)
Start importing Assets/Anim/Sprites/Outros/energy.png using Guid(b8d32e07f11e14b43aaddcc70de6cfaf) Importer(815301076,1909f56bfc062723c751e8b465ee728b)  -> (artifact id: '34841a1e55d26e8094b5bdebfbdff54f') in 0.122695 seconds
  Import took 0.129910 seconds .

========================================================================
Received Prepare
Registering precompiled user dll's ...
Registered in 0.003092 seconds.
Begin MonoManager ReloadAssembly
Native extension for WindowsStandalone target not found
Native extension for WebGL target not found
Refreshing native plugins compatible for Editor in 0.86 ms, found 1 plugins.
Preloading 0 native plugins for Editor in 0.00 ms.
Invoked RoslynAnalysisRunner static constructor.
RoslynAnalysisRunner will not be running.
RoslynAnalysisRunner has terminated.
Mono: successfully reloaded assembly
- Completed reload, in  2.567 seconds
Platform modules already initialized, skipping
Refreshing native plugins compatible for Editor in 1.31 ms, found 1 plugins.
Preloading 0 native plugins for Editor in 0.00 ms.
Unloading 1803 Unused Serialized files (Serialized files now loaded: 0)
System memory in use before: 87.9 MB.
System memory in use after: 87.9 MB.

Unloading 12 unused Assets to reduce memory usage. Loaded Objects now: 2323.
Total: 6.151400 ms (FindLiveObjects: 0.466600 ms CreateObjectMapping: 0.119100 ms MarkObjects: 5.156700 ms  DeleteObjects: 0.405600 ms)

========================================================================
Received Import Request.
  Time since last request: 601.069181 seconds.
  path: Assets/Animations/Player_Attack.anim
  artifactKey: Guid(0f127bb8c0ce96042a9bfec1dba0b5d2) Importer(815301076,1909f56bfc062723c751e8b465ee728b)
Start importing Assets/Animations/Player_Attack.anim using Guid(0f127bb8c0ce96042a9bfec1dba0b5d2) Importer(815301076,1909f56bfc062723c751e8b465ee728b)  -> (artifact id: '35588a172ab4419978ae13fce5cd7f9b') in 0.063345 seconds
  Import took 0.075381 seconds .

========================================================================
Received Prepare
Registering precompiled user dll's ...
Registered in 0.003934 seconds.
Begin MonoManager ReloadAssembly
Native extension for WindowsStandalone target not found
Native extension for WebGL target not found
Refreshing native plugins compatible for Editor in 0.72 ms, found 1 plugins.
Preloading 0 native plugins for Editor in 0.00 ms.
Invoked RoslynAnalysisRunner static constructor.
RoslynAnalysisRunner will not be running.
RoslynAnalysisRunner has terminated.
Mono: successfully reloaded assembly
- Completed reload, in  2.415 seconds
Platform modules already initialized, skipping
Refreshing native plugins compatible for Editor in 0.70 ms, found 1 plugins.
Preloading 0 native plugins for Editor in 0.00 ms.
Unloading 1803 Unused Serialized files (Serialized files now loaded: 0)
System memory in use before: 87.9 MB.
System memory in use after: 87.9 MB.

Unloading 12 unused Assets to reduce memory usage. Loaded Objects now: 2327.
Total: 7.028600 ms (FindLiveObjects: 1.147800 ms CreateObjectMapping: 0.378000 ms MarkObjects: 5.158000 ms  DeleteObjects: 0.340100 ms)

========================================================================
Received Prepare
Registering precompiled user dll's ...
Registered in 0.003651 seconds.
Begin MonoManager ReloadAssembly
Native extension for WindowsStandalone target not found
Native extension for WebGL target not found
Refreshing native plugins compatible for Editor in 0.83 ms, found 1 plugins.
Preloading 0 native plugins for Editor in 0.00 ms.
Invoked RoslynAnalysisRunner static constructor.
RoslynAnalysisRunner will not be running.
RoslynAnalysisRunner has terminated.
Mono: successfully reloaded assembly
- Completed reload, in  2.552 seconds
Platform modules already initialized, skipping
Refreshing native plugins compatible for Editor in 0.73 ms, found 1 plugins.
Preloading 0 native plugins for Editor in 0.00 ms.
Unloading 1803 Unused Serialized files (Serialized files now loaded: 0)
System memory in use before: 87.9 MB.
System memory in use after: 87.9 MB.

Unloading 12 unused Assets to reduce memory usage. Loaded Objects now: 2331.
Total: 5.361600 ms (FindLiveObjects: 0.433900 ms CreateObjectMapping: 0.104000 ms MarkObjects: 4.545000 ms  DeleteObjects: 0.276000 ms)

========================================================================
Received Prepare
Registering precompiled user dll's ...
Registered in 0.002575 seconds.
Begin MonoManager ReloadAssembly
Native extension for WindowsStandalone target not found
Native extension for WebGL target not found
Refreshing native plugins compatible for Editor in 0.87 ms, found 1 plugins.
Preloading 0 native plugins for Editor in 0.00 ms.
Invoked RoslynAnalysisRunner static constructor.
RoslynAnalysisRunner will not be running.
RoslynAnalysisRunner has terminated.
Mono: successfully reloaded assembly
- Completed reload, in  2.575 seconds
Platform modules already initialized, skipping
Refreshing native plugins compatible for Editor in 0.53 ms, found 1 plugins.
Preloading 0 native plugins for Editor in 0.00 ms.
Unloading 1803 Unused Serialized files (Serialized files now loaded: 0)
System memory in use before: 87.9 MB.
System memory in use after: 87.9 MB.

Unloading 12 unused Assets to reduce memory usage. Loaded Objects now: 2335.
Total: 4.878800 ms (FindLiveObjects: 0.664800 ms CreateObjectMapping: 0.163800 ms MarkObjects: 3.784800 ms  DeleteObjects: 0.262700 ms)

========================================================================
Received Prepare
Registering precompiled user dll's ...
Registered in 0.003965 seconds.
Begin MonoManager ReloadAssembly
Native extension for WindowsStandalone target not found
Native extension for WebGL target not found
Refreshing native plugins compatible for Editor in 1.72 ms, found 1 plugins.
Preloading 0 native plugins for Editor in 0.00 ms.
Invoked RoslynAnalysisRunner static constructor.
RoslynAnalysisRunner will not be running.
RoslynAnalysisRunner has terminated.
Mono: successfully reloaded assembly
- Completed reload, in  2.593 seconds
Platform modules already initialized, skipping
Refreshing native plugins compatible for Editor in 0.92 ms, found 1 plugins.
Preloading 0 native plugins for Editor in 0.00 ms.
Unloading 1803 Unused Serialized files (Serialized files now loaded: 0)
System memory in use before: 87.9 MB.
System memory in use after: 87.9 MB.

Unloading 12 unused Assets to reduce memory usage. Loaded Objects now: 2339.
Total: 5.389400 ms (FindLiveObjects: 0.422600 ms CreateObjectMapping: 0.117400 ms MarkObjects: 4.506500 ms  DeleteObjects: 0.339800 ms)

========================================================================
Received Prepare
Registering precompiled user dll's ...
Registered in 0.005896 seconds.
Begin MonoManager ReloadAssembly
Native extension for WindowsStandalone target not found
Native extension for WebGL target not found
Refreshing native plugins compatible for Editor in 0.91 ms, found 1 plugins.
Preloading 0 native plugins for Editor in 0.00 ms.
Invoked RoslynAnalysisRunner static constructor.
RoslynAnalysisRunner will not be running.
RoslynAnalysisRunner has terminated.
Mono: successfully reloaded assembly
- Completed reload, in  1.931 seconds
Platform modules already initialized, skipping
Refreshing native plugins compatible for Editor in 0.48 ms, found 1 plugins.
Preloading 0 native plugins for Editor in 0.00 ms.
Unloading 1803 Unused Serialized files (Serialized files now loaded: 0)
System memory in use before: 87.9 MB.
System memory in use after: 87.9 MB.

Unloading 12 unused Assets to reduce memory usage. Loaded Objects now: 2343.
Total: 3.721400 ms (FindLiveObjects: 0.312100 ms CreateObjectMapping: 0.093900 ms MarkObjects: 3.137600 ms  DeleteObjects: 0.176100 ms)

========================================================================
Received Prepare
Registering precompiled user dll's ...
Registered in 0.001976 seconds.
Begin MonoManager ReloadAssembly
Native extension for WindowsStandalone target not found
Native extension for WebGL target not found
Refreshing native plugins compatible for Editor in 1.17 ms, found 1 plugins.
Preloading 0 native plugins for Editor in 0.00 ms.
Invoked RoslynAnalysisRunner static constructor.
RoslynAnalysisRunner will not be running.
RoslynAnalysisRunner has terminated.
Mono: successfully reloaded assembly
- Completed reload, in  2.574 seconds
Platform modules already initialized, skipping
Refreshing native plugins compatible for Editor in 1.01 ms, found 1 plugins.
Preloading 0 native plugins for Editor in 0.00 ms.
Unloading 1803 Unused Serialized files (Serialized files now loaded: 0)
System memory in use before: 88.0 MB.
System memory in use after: 87.9 MB.

Unloading 12 unused Assets to reduce memory usage. Loaded Objects now: 2347.
Total: 5.573200 ms (FindLiveObjects: 0.494000 ms CreateObjectMapping: 0.117500 ms MarkObjects: 4.668800 ms  DeleteObjects: 0.290100 ms)

========================================================================
Received Prepare
Registering precompiled user dll's ...
Registered in 0.004039 seconds.
Begin MonoManager ReloadAssembly
Native extension for WindowsStandalone target not found
Native extension for WebGL target not found
Refreshing native plugins compatible for Editor in 1.24 ms, found 1 plugins.
Preloading 0 native plugins for Editor in 0.00 ms.
Invoked RoslynAnalysisRunner static constructor.
RoslynAnalysisRunner will not be running.
RoslynAnalysisRunner has terminated.
Mono: successfully reloaded assembly
- Completed reload, in  2.436 seconds
Platform modules already initialized, skipping
Refreshing native plugins compatible for Editor in 1.04 ms, found 1 plugins.
Preloading 0 native plugins for Editor in 0.00 ms.
Unloading 1803 Unused Serialized files (Serialized files now loaded: 0)
System memory in use before: 88.0 MB.
System memory in use after: 88.0 MB.

Unloading 12 unused Assets to reduce memory usage. Loaded Objects now: 2351.
Total: 5.570000 ms (FindLiveObjects: 0.582200 ms CreateObjectMapping: 0.120900 ms MarkObjects: 4.546100 ms  DeleteObjects: 0.317700 ms)

========================================================================
Received Prepare
Registering precompiled user dll's ...
Registered in 0.002469 seconds.
Begin MonoManager ReloadAssembly
Native extension for WindowsStandalone target not found
Native extension for WebGL target not found
Refreshing native plugins compatible for Editor in 1.41 ms, found 1 plugins.
Preloading 0 native plugins for Editor in 0.00 ms.
Invoked RoslynAnalysisRunner static constructor.
RoslynAnalysisRunner will not be running.
RoslynAnalysisRunner has terminated.
Mono: successfully reloaded assembly
- Completed reload, in  2.585 seconds
Platform modules already initialized, skipping
Refreshing native plugins compatible for Editor in 0.83 ms, found 1 plugins.
Preloading 0 native plugins for Editor in 0.00 ms.
Unloading 1803 Unused Serialized files (Serialized files now loaded: 0)
System memory in use before: 88.0 MB.
System memory in use after: 88.0 MB.

Unloading 12 unused Assets to reduce memory usage. Loaded Objects now: 2355.
Total: 7.210300 ms (FindLiveObjects: 0.571900 ms CreateObjectMapping: 0.117400 ms MarkObjects: 6.184500 ms  DeleteObjects: 0.331200 ms)

========================================================================
Received Prepare
Registering precompiled user dll's ...
Registered in 0.003386 seconds.
Begin MonoManager ReloadAssembly
Native extension for WindowsStandalone target not found
Native extension for WebGL target not found
Refreshing native plugins compatible for Editor in 1.35 ms, found 1 plugins.
Preloading 0 native plugins for Editor in 0.00 ms.
Invoked RoslynAnalysisRunner static constructor.
RoslynAnalysisRunner will not be running.
RoslynAnalysisRunner has terminated.
Mono: successfully reloaded assembly
- Completed reload, in  1.984 seconds
Platform modules already initialized, skipping
Refreshing native plugins compatible for Editor in 0.83 ms, found 1 plugins.
Preloading 0 native plugins for Editor in 0.00 ms.
Unloading 1803 Unused Serialized files (Serialized files now loaded: 0)
System memory in use before: 88.0 MB.
System memory in use after: 88.0 MB.

Unloading 12 unused Assets to reduce memory usage. Loaded Objects now: 2359.
Total: 5.049100 ms (FindLiveObjects: 0.314600 ms CreateObjectMapping: 0.078800 ms MarkObjects: 4.268800 ms  DeleteObjects: 0.383200 ms)

========================================================================
Received Prepare
Registering precompiled user dll's ...
Registered in 0.005095 seconds.
Begin MonoManager ReloadAssembly
Native extension for WindowsStandalone target not found
Native extension for WebGL target not found
Refreshing native plugins compatible for Editor in 2.54 ms, found 1 plugins.
Preloading 0 native plugins for Editor in 0.00 ms.
Invoked RoslynAnalysisRunner static constructor.
RoslynAnalysisRunner will not be running.
RoslynAnalysisRunner has terminated.
Mono: successfully reloaded assembly
- Completed reload, in  1.940 seconds
Platform modules already initialized, skipping
Refreshing native plugins compatible for Editor in 0.73 ms, found 1 plugins.
Preloading 0 native plugins for Editor in 0.00 ms.
Unloading 1803 Unused Serialized files (Serialized files now loaded: 0)
System memory in use before: 88.0 MB.
System memory in use after: 88.0 MB.

Unloading 12 unused Assets to reduce memory usage. Loaded Objects now: 2363.
Total: 4.834300 ms (FindLiveObjects: 0.491300 ms CreateObjectMapping: 0.107400 ms MarkObjects: 3.965600 ms  DeleteObjects: 0.267300 ms)

========================================================================
Received Prepare
Registering precompiled user dll's ...
Registered in 0.001848 seconds.
Begin MonoManager ReloadAssembly
Native extension for WindowsStandalone target not found
Native extension for WebGL target not found
Refreshing native plugins compatible for Editor in 1.23 ms, found 1 plugins.
Preloading 0 native plugins for Editor in 0.00 ms.
Invoked RoslynAnalysisRunner static constructor.
RoslynAnalysisRunner will not be running.
RoslynAnalysisRunner has terminated.
Mono: successfully reloaded assembly
- Completed reload, in  1.591 seconds
Platform modules already initialized, skipping
Refreshing native plugins compatible for Editor in 0.95 ms, found 1 plugins.
Preloading 0 native plugins for Editor in 0.00 ms.
Unloading 1803 Unused Serialized files (Serialized files now loaded: 0)
System memory in use before: 88.0 MB.
System memory in use after: 88.0 MB.

Unloading 12 unused Assets to reduce memory usage. Loaded Objects now: 2367.
Total: 5.468200 ms (FindLiveObjects: 0.522200 ms CreateObjectMapping: 0.134800 ms MarkObjects: 4.475300 ms  DeleteObjects: 0.332300 ms)

AssetImportWorkerClient::OnTransportError - code=2 error=End of file
